<!DOCTYPE html>
<html>
  <head>
        <title>Ed25519Signature 2020 Interoperability Report 1.0</title>
        <meta http-equiv='Content-Type' content='text/html;charset=utf-8'/>
        <!--
          === NOTA BENE ===
          For the three scripts below, if your spec resides on dev.w3 you can check them
          out in the same tree and use relative links so that they'll work offline,
         -->
       <script src="https://www.w3.org/Tools/respec/respec-w3c" class="remove" defer></script>
        <script type="text/javascript" class="remove">
          // set this in the config section
          var respecConfig = {
      "specStatus": "base",
      "shortName": "di-ed25519signature2020-test-suite",
      "subtitle": "Interoperability Report for Ed25519",
      "github": "https://github.com/w3c/vc-di-ed25519signature2020-test-suite",
      "edDraftURI": "https://w3c.github.io/vc-di-ed25519signature2020-test-suite",
      "doJsonLd": true,
      "includePermalinks": false,
      "editors": [
        {
          "name": "Andrew Jones",
          "url": "https://github.com/aljones15",
          "company": "Digital Bazaar, Inc.",
          "companyURL": "https://digitalbazaar.com/"
        }
      ],
      "authors": [
        {
          "name": "Andrew Jones",
          "url": "https://github.com/aljones15",
          "company": "Digital Bazaar, Inc.",
          "companyURL": "https://digitalbazaar.com/"
        },
        {
          "name": "Manu Sporny",
          "url": "https://manu.sporny.org/",
          "company": "Digital Bazaar, Inc.",
          "companyURL": "https://digitalbazaar.com/"
        }
      ]
    };
        </script>
        <style>
    .passed {
      font-weight: bold;
      background-color: lightgreen;
    }
    .failed {
      font-weight: bold;
      background-color: pink;
    }
    .pending {
      font-weight: bold;
      background-color: #cdeaed;
    }
    .unimplemented, .notImplemented {
      font-weight: bold;
      background-color: lightyellow;
    }
    .flex-center {
      display: flex;
      align-items: center;
      justify-content: center;
      width: fit-content;
    }
        </style>
  </head>
  <body>
    <!-- these are not in <head> in order to override Respec injected styles -->
    <style>
      .hide {
        display: none;
      }
      details.hide {
        display: none;
      }
      details.err {
        position: absolute;
        z-index: 1;
        white-space: nowrap;
        background: white;
        border: 1px solid darkgray;
        text-align: left;
        padding: .1em .5em;
        box-shadow: 0 0 5px darkgray;
        min-width: 25em;
      }
      details.err summary {
        color: indianred;
      }
      .no-space-around {
        margin: 0;
        padding: 0;
      }
      pre {
        width: 75%;
        white-space: pre-line;
        word-break: break-all;
        margin: 0;
        padding: 0;
        background: white;
      }
      code > span.hljs-attr {
        margin-left: 1rem;
      }
      .no-wrap {
        white-space: nowrap;
      }
      td.optional {
        background-color: #b9b7b7;
      }
      .text-right {
        text-align: right;
      }
      .text-left {
        text-align: left;
      }
      .text-center, th.text-center {
        text-align: center;
      }
      .qr-code {
        margin-left: 25px;
      }
      .row {
        display: flex;
        justify-content: space-between;
        align-items: center;
      }
      .small-font {
        font-size: 0.75rem;
      }
      .highlight-on-hover:hover {
        background-color: yellow;
        cursor: default;
      }
      .highlight-on-hover:hover + .relative-pos > .err {
        display: block;
      }
      pre, code.hljs {
        overflow: auto;
      }
      .relative-pos {
        position: relative;
        width: 0.5rem;
        height: 0.5rem;
        z-index: 1;
      }
      .relative-pos:hover > .err {
        display: block;
      }
    </style>
    <section id="abstract">
      <p>
      The purpose of this test suite is to demonstrate a path to interoperability
      for the <a href="https://w3c-ccg.github.io/lds-ed25519-2020/">Ed25519 Signature 
      2020</a>. The technologies explored in this test suite
      are  experimental. This document contains the most recent interoperability report
      for Ed25519 Signature 2020. This report is auto-generated.
      </p>
    </section>
    <section id="sotd">
    </section>
    
    <section class="informative" id="conformance-testing-results">
      <h2> Conformance Testing Results </h2>
      <p>
      Tests passed 363/408 88%
      </p>
      <p>
      Tests failed 45/408 12%
      </p>
      <p>
      Failures 45
      </p>
      <p>
      Tests skipped 0
      </p>
      <p>
      Total tests 408
      </p>
      <p>
        These tests were run on <time>4 August 2024 at 5:02 am UTC</time>
      </p>
      <section class="informative" id="Key">
        <h3>Key</h3>
        <table>
          <tr>
            <td class="pending not-optional highlight-on-hover text-center">
              <div class="highlight-on-hover">üö´</div>
            </td>
            <td>Pending</td>
          </tr>
          <tr>
            <td class="passed not-optional highlight-on-hover text-center">
              <div class="highlight-on-hover">‚úì</div>
            </td>
            <td>Passed</td>
          </tr>
          <tr>
            <td class="failed not-optional highlight-on-hover text-center">
              <div class="highlight-on-hover">‚ùå</div>
            </td>
            <td>Failed</td>
          </tr>
          <tr>
            <td class="accessDenied not-optional highlight-on-hover text-center">
              <div class="highlight-on-hover">‚äò</div>
            </td>
            <td>Access Denied</td>
          </tr>
          <tr>
            <td class="timeout not-optional highlight-on-hover text-center">
              <div class="highlight-on-hover">‚è±</div>
            </td>
            <td>Timeout</td>
          </tr>
          <tr>
            <td class="notImplemented not-optional highlight-on-hover text-center">
              <div class="highlight-on-hover">‚Äî</div>
            </td>
            <td>Not Implemented</td>
          </tr>
        </table>
      </section>
    
      <p>
      The results of the tests are shown below:
      </p>
    </section>
    <section id="conformance">
      <!--- This will take the tests and display them as matrices -->
        <section class="informative" id="Data Integrity (issuer)">
          <h2>Data Integrity (issuer)</h2>
          <div class="row">
            <table class="simple">
              <thead>
                <th width="20%">
                  <div class="text-right small-font">
                  Issuer &#8658;
                  </div>
                  <div class="text-left small-font">
                  <span>&#8659;</span><span>Test Name</span>
                  </div>
                </th>
                    <th class="no-wrap small-font text-center">apicatalog.com</th>
                    <th class="no-wrap small-font text-center">Danube Tech</th>
                    <th class="no-wrap small-font text-center">Digital Bazaar</th>
                    <th class="no-wrap small-font text-center">EWF</th>
                    <th class="no-wrap small-font text-center">LearnCard</th>
                    <th class="no-wrap small-font text-center">Open Security and Identity</th>
                    <th class="no-wrap small-font text-center">SpruceID</th>
                    <th class="no-wrap small-font text-center">Trinsic</th>
                </thead>
              <tbody>
              <tr>
                <!--This is the name of the test-->
                <td class="subtest">
                    <a href="https://w3c.github.io/vc-data-integrity/#conformance:~:text&#x3D;When%20expressing%20a%20data%20integrity%20proof%20on%20an%20object%2C%20a%20proof%20property%20MUST%20be%20used">When expressing a data integrity proof on an object, a proof property MUST be used.</a>
                </td>
                <!--These contain if the test passed, failed, or was skipped-->
                  <td class="passed not-optional highlight-on-hover text-center">
                    <div class= "highlight-on-hover">‚úì</div>
                    <div class="relative-pos">
                    </div>
                  </td>
                  <td class="passed not-optional highlight-on-hover text-center">
                    <div class= "highlight-on-hover">‚úì</div>
                    <div class="relative-pos">
                    </div>
                  </td>
                  <td class="passed not-optional highlight-on-hover text-center">
                    <div class= "highlight-on-hover">‚úì</div>
                    <div class="relative-pos">
                    </div>
                  </td>
                  <td class="passed not-optional highlight-on-hover text-center">
                    <div class= "highlight-on-hover">‚úì</div>
                    <div class="relative-pos">
                    </div>
                  </td>
                  <td class="passed not-optional highlight-on-hover text-center">
                    <div class= "highlight-on-hover">‚úì</div>
                    <div class="relative-pos">
                    </div>
                  </td>
                  <td class="passed not-optional highlight-on-hover text-center">
                    <div class= "highlight-on-hover">‚úì</div>
                    <div class="relative-pos">
                    </div>
                  </td>
                  <td class="passed not-optional highlight-on-hover text-center">
                    <div class= "highlight-on-hover">‚úì</div>
                    <div class="relative-pos">
                    </div>
                  </td>
                  <td class="passed not-optional highlight-on-hover text-center">
                    <div class= "highlight-on-hover">‚úì</div>
                    <div class="relative-pos">
                    </div>
                  </td>
              </tr>
              <tr>
                <!--This is the name of the test-->
                <td class="subtest">
                    <a href="https://w3c.github.io/vc-data-integrity/#conformance:~:text&#x3D;If%20present%2C%20its%20value%20MUST%20be%20either%20a%20single%20object%2C%20or%20an%20unordered%20set%20of%20objects">If present (proof), its value MUST be either a single object, or an unordered set of objects</a>
                </td>
                <!--These contain if the test passed, failed, or was skipped-->
                  <td class="passed not-optional highlight-on-hover text-center">
                    <div class= "highlight-on-hover">‚úì</div>
                    <div class="relative-pos">
                    </div>
                  </td>
                  <td class="passed not-optional highlight-on-hover text-center">
                    <div class= "highlight-on-hover">‚úì</div>
                    <div class="relative-pos">
                    </div>
                  </td>
                  <td class="passed not-optional highlight-on-hover text-center">
                    <div class= "highlight-on-hover">‚úì</div>
                    <div class="relative-pos">
                    </div>
                  </td>
                  <td class="passed not-optional highlight-on-hover text-center">
                    <div class= "highlight-on-hover">‚úì</div>
                    <div class="relative-pos">
                    </div>
                  </td>
                  <td class="passed not-optional highlight-on-hover text-center">
                    <div class= "highlight-on-hover">‚úì</div>
                    <div class="relative-pos">
                    </div>
                  </td>
                  <td class="passed not-optional highlight-on-hover text-center">
                    <div class= "highlight-on-hover">‚úì</div>
                    <div class="relative-pos">
                    </div>
                  </td>
                  <td class="passed not-optional highlight-on-hover text-center">
                    <div class= "highlight-on-hover">‚úì</div>
                    <div class="relative-pos">
                    </div>
                  </td>
                  <td class="passed not-optional highlight-on-hover text-center">
                    <div class= "highlight-on-hover">‚úì</div>
                    <div class="relative-pos">
                    </div>
                  </td>
              </tr>
              <tr>
                <!--This is the name of the test-->
                <td class="subtest">
                    <a href="https://w3c.github.io/vc-data-integrity/#conformance:~:text&#x3D;An%20optional%20identifier%20for%20the%20proof%2C%20which%20MUST%20be%20a%20URL">(&quot;proof.id&quot;) An optional identifier for the proof, which MUST be a URL.</a>
                </td>
                <!--These contain if the test passed, failed, or was skipped-->
                  <td class="passed not-optional highlight-on-hover text-center">
                    <div class= "highlight-on-hover">‚úì</div>
                    <div class="relative-pos">
                    </div>
                  </td>
                  <td class="passed not-optional highlight-on-hover text-center">
                    <div class= "highlight-on-hover">‚úì</div>
                    <div class="relative-pos">
                    </div>
                  </td>
                  <td class="passed not-optional highlight-on-hover text-center">
                    <div class= "highlight-on-hover">‚úì</div>
                    <div class="relative-pos">
                    </div>
                  </td>
                  <td class="passed not-optional highlight-on-hover text-center">
                    <div class= "highlight-on-hover">‚úì</div>
                    <div class="relative-pos">
                    </div>
                  </td>
                  <td class="passed not-optional highlight-on-hover text-center">
                    <div class= "highlight-on-hover">‚úì</div>
                    <div class="relative-pos">
                    </div>
                  </td>
                  <td class="passed not-optional highlight-on-hover text-center">
                    <div class= "highlight-on-hover">‚úì</div>
                    <div class="relative-pos">
                    </div>
                  </td>
                  <td class="passed not-optional highlight-on-hover text-center">
                    <div class= "highlight-on-hover">‚úì</div>
                    <div class="relative-pos">
                    </div>
                  </td>
                  <td class="passed not-optional highlight-on-hover text-center">
                    <div class= "highlight-on-hover">‚úì</div>
                    <div class="relative-pos">
                    </div>
                  </td>
              </tr>
              <tr>
                <!--This is the name of the test-->
                <td class="subtest">
                    <a href="https://w3c.github.io/vc-data-integrity/#proofs:~:text&#x3D;The%20specific%20proof%20type%20used%20for%20the%20cryptographic%20proof%20MUST%20be%20specified%20as%20a%20string%20that%20maps%20to%20a%20URL">The specific proof type used for the cryptographic proof MUST be specified as a string that maps to a URL.</a>
                </td>
                <!--These contain if the test passed, failed, or was skipped-->
                  <td class="passed not-optional highlight-on-hover text-center">
                    <div class= "highlight-on-hover">‚úì</div>
                    <div class="relative-pos">
                    </div>
                  </td>
                  <td class="passed not-optional highlight-on-hover text-center">
                    <div class= "highlight-on-hover">‚úì</div>
                    <div class="relative-pos">
                    </div>
                  </td>
                  <td class="passed not-optional highlight-on-hover text-center">
                    <div class= "highlight-on-hover">‚úì</div>
                    <div class="relative-pos">
                    </div>
                  </td>
                  <td class="passed not-optional highlight-on-hover text-center">
                    <div class= "highlight-on-hover">‚úì</div>
                    <div class="relative-pos">
                    </div>
                  </td>
                  <td class="failed not-optional highlight-on-hover text-center">
                    <div class= "highlight-on-hover">‚ùå</div>
                    <div class="relative-pos">
                      <details class="err hide">
                        <summary>Expected &quot;@type&quot; URL to be parsed.: expected TypeError: Invalid URL { ‚Ä¶(2) } to not exist:</summary>
                        <pre>AssertionError: Expected &quot;@type&quot; URL to be parsed.: expected TypeError: Invalid URL { ‚Ä¶(2) } to not exist
                        at should.not.exist (node_modules/chai/lib/chai/interface/should.js:208:38)
                        at shouldBeUrl (file:///home/runner/work/vc-di-ed25519signature2020-test-suite/vc-di-ed25519signature2020-test-suite/node_modules/data-integrity-test-suite-assertion/assertions.js:122:14)
                        at file:///home/runner/work/vc-di-ed25519signature2020-test-suite/vc-di-ed25519signature2020-test-suite/node_modules/data-integrity-test-suite-assertion/suites/create.js:78:30
                        at Array.every (&lt;anonymous&gt;)
                        at Context.&lt;anonymous&gt; (file:///home/runner/work/vc-di-ed25519signature2020-test-suite/vc-di-ed25519signature2020-test-suite/node_modules/data-integrity-test-suite-assertion/suites/create.js:78:17)</pre>
                      </details>
                    </div>
                  </td>
                  <td class="passed not-optional highlight-on-hover text-center">
                    <div class= "highlight-on-hover">‚úì</div>
                    <div class="relative-pos">
                    </div>
                  </td>
                  <td class="passed not-optional highlight-on-hover text-center">
                    <div class= "highlight-on-hover">‚úì</div>
                    <div class="relative-pos">
                    </div>
                  </td>
                  <td class="passed not-optional highlight-on-hover text-center">
                    <div class= "highlight-on-hover">‚úì</div>
                    <div class="relative-pos">
                    </div>
                  </td>
              </tr>
              <tr>
                <!--This is the name of the test-->
                <td class="subtest">
                    &quot;proof.type&quot; field MUST be &quot;Ed25519Signature2020&quot; and the associated document MUST include expected contexts.
                </td>
                <!--These contain if the test passed, failed, or was skipped-->
                  <td class="passed not-optional highlight-on-hover text-center">
                    <div class= "highlight-on-hover">‚úì</div>
                    <div class="relative-pos">
                    </div>
                  </td>
                  <td class="passed not-optional highlight-on-hover text-center">
                    <div class= "highlight-on-hover">‚úì</div>
                    <div class="relative-pos">
                    </div>
                  </td>
                  <td class="passed not-optional highlight-on-hover text-center">
                    <div class= "highlight-on-hover">‚úì</div>
                    <div class="relative-pos">
                    </div>
                  </td>
                  <td class="failed not-optional highlight-on-hover text-center">
                    <div class= "highlight-on-hover">‚ùå</div>
                    <div class="relative-pos">
                      <details class="err hide">
                        <summary>expected false to equal true:</summary>
                        <pre>AssertionError: expected false to equal true
                        at Context.&lt;anonymous&gt; (file:///home/runner/work/vc-di-ed25519signature2020-test-suite/vc-di-ed25519signature2020-test-suite/node_modules/data-integrity-test-suite-assertion/suites/create.js:110:34)
                        at process.processImmediate (node:internal/timers:483:21)</pre>
                      </details>
                    </div>
                  </td>
                  <td class="failed not-optional highlight-on-hover text-center">
                    <div class= "highlight-on-hover">‚ùå</div>
                    <div class="relative-pos">
                      <details class="err hide">
                        <summary>expected false to equal true:</summary>
                        <pre>AssertionError: expected false to equal true
                        at Context.&lt;anonymous&gt; (file:///home/runner/work/vc-di-ed25519signature2020-test-suite/vc-di-ed25519signature2020-test-suite/node_modules/data-integrity-test-suite-assertion/suites/create.js:117:39)
                        at process.processImmediate (node:internal/timers:483:21)</pre>
                      </details>
                    </div>
                  </td>
                  <td class="passed not-optional highlight-on-hover text-center">
                    <div class= "highlight-on-hover">‚úì</div>
                    <div class="relative-pos">
                    </div>
                  </td>
                  <td class="passed not-optional highlight-on-hover text-center">
                    <div class= "highlight-on-hover">‚úì</div>
                    <div class="relative-pos">
                    </div>
                  </td>
                  <td class="passed not-optional highlight-on-hover text-center">
                    <div class= "highlight-on-hover">‚úì</div>
                    <div class="relative-pos">
                    </div>
                  </td>
              </tr>
              <tr>
                <!--This is the name of the test-->
                <td class="subtest">
                    <a href="https://w3c.github.io/vc-data-integrity/#introduction:~:text&#x3D;If%20the%20proof%20type%20is%20DataIntegrityProof%2C%20cryptosuite%20MUST%20be%20specified%3B%20otherwise%2C%20cryptosuite%20MAY%20be%20specified.%20If%20specified%2C%20its%20value%20MUST%20be%20a%20string.">If the proof type is DataIntegrityProof, cryptosuite MUST be specified; otherwise, cryptosuite MAY be specified. If specified, its value MUST be a string.</a>
                </td>
                <!--These contain if the test passed, failed, or was skipped-->
                  <td class="passed not-optional highlight-on-hover text-center">
                    <div class= "highlight-on-hover">‚úì</div>
                    <div class="relative-pos">
                    </div>
                  </td>
                  <td class="passed not-optional highlight-on-hover text-center">
                    <div class= "highlight-on-hover">‚úì</div>
                    <div class="relative-pos">
                    </div>
                  </td>
                  <td class="passed not-optional highlight-on-hover text-center">
                    <div class= "highlight-on-hover">‚úì</div>
                    <div class="relative-pos">
                    </div>
                  </td>
                  <td class="passed not-optional highlight-on-hover text-center">
                    <div class= "highlight-on-hover">‚úì</div>
                    <div class="relative-pos">
                    </div>
                  </td>
                  <td class="passed not-optional highlight-on-hover text-center">
                    <div class= "highlight-on-hover">‚úì</div>
                    <div class="relative-pos">
                    </div>
                  </td>
                  <td class="passed not-optional highlight-on-hover text-center">
                    <div class= "highlight-on-hover">‚úì</div>
                    <div class="relative-pos">
                    </div>
                  </td>
                  <td class="passed not-optional highlight-on-hover text-center">
                    <div class= "highlight-on-hover">‚úì</div>
                    <div class="relative-pos">
                    </div>
                  </td>
                  <td class="passed not-optional highlight-on-hover text-center">
                    <div class= "highlight-on-hover">‚úì</div>
                    <div class="relative-pos">
                    </div>
                  </td>
              </tr>
              <tr>
                <!--This is the name of the test-->
                <td class="subtest">
                    <a href="https://www.w3.org/TR/vc-data-integrity/#:~:text&#x3D;The%20date%20and%20time%20the%20proof%20was%20created%20is%20OPTIONAL%20and%2C%20if%20included%2C%20MUST%20be%20specified%20as%20an%20%5BXMLSCHEMA11%2D2%5D%20dateTimeStamp%20string%2C%20either%20in%20Universal%20Coordinated%20Time%20(UTC)%2C%20denoted%20by%20a%20Z%20at%20the%20end%20of%20the%20value%2C%20or%20with%20a%20time%20zone%20offset%20relative%20to%20UTC.">The date and time the proof was created is OPTIONAL and, if included, MUST be specified as an [XMLSCHEMA11-2] dateTimeStamp string, either in Universal Coordinated Time (UTC), denoted by a Z at the end of the value, or with a time zone offset relative to UTC.</a>
                </td>
                <!--These contain if the test passed, failed, or was skipped-->
                  <td class="passed not-optional highlight-on-hover text-center">
                    <div class= "highlight-on-hover">‚úì</div>
                    <div class="relative-pos">
                    </div>
                  </td>
                  <td class="passed not-optional highlight-on-hover text-center">
                    <div class= "highlight-on-hover">‚úì</div>
                    <div class="relative-pos">
                    </div>
                  </td>
                  <td class="passed not-optional highlight-on-hover text-center">
                    <div class= "highlight-on-hover">‚úì</div>
                    <div class="relative-pos">
                    </div>
                  </td>
                  <td class="passed not-optional highlight-on-hover text-center">
                    <div class= "highlight-on-hover">‚úì</div>
                    <div class="relative-pos">
                    </div>
                  </td>
                  <td class="passed not-optional highlight-on-hover text-center">
                    <div class= "highlight-on-hover">‚úì</div>
                    <div class="relative-pos">
                    </div>
                  </td>
                  <td class="passed not-optional highlight-on-hover text-center">
                    <div class= "highlight-on-hover">‚úì</div>
                    <div class="relative-pos">
                    </div>
                  </td>
                  <td class="passed not-optional highlight-on-hover text-center">
                    <div class= "highlight-on-hover">‚úì</div>
                    <div class="relative-pos">
                    </div>
                  </td>
                  <td class="passed not-optional highlight-on-hover text-center">
                    <div class= "highlight-on-hover">‚úì</div>
                    <div class="relative-pos">
                    </div>
                  </td>
              </tr>
              <tr>
                <!--This is the name of the test-->
                <td class="subtest">
                    <a href="https://w3c.github.io/vc-data-integrity/#proofs:~:text&#x3D;MUST%20be%20an%20%5BXMLSCHEMA11%2D2%5D%20dateTimeStamp%20string%2C%20either%20in%20Universal%20Coordinated%20Time">The expires property is OPTIONAL and, if present, specifies when the proof expires. If present, it MUST be an [XMLSCHEMA11-2] dateTimeStamp string, either in Universal Coordinated Time (UTC), denoted by a Z at the end of the value, or with a time zone offset relative to UTC.</a>
                </td>
                <!--These contain if the test passed, failed, or was skipped-->
                  <td class="passed not-optional highlight-on-hover text-center">
                    <div class= "highlight-on-hover">‚úì</div>
                    <div class="relative-pos">
                    </div>
                  </td>
                  <td class="passed not-optional highlight-on-hover text-center">
                    <div class= "highlight-on-hover">‚úì</div>
                    <div class="relative-pos">
                    </div>
                  </td>
                  <td class="passed not-optional highlight-on-hover text-center">
                    <div class= "highlight-on-hover">‚úì</div>
                    <div class="relative-pos">
                    </div>
                  </td>
                  <td class="passed not-optional highlight-on-hover text-center">
                    <div class= "highlight-on-hover">‚úì</div>
                    <div class="relative-pos">
                    </div>
                  </td>
                  <td class="passed not-optional highlight-on-hover text-center">
                    <div class= "highlight-on-hover">‚úì</div>
                    <div class="relative-pos">
                    </div>
                  </td>
                  <td class="passed not-optional highlight-on-hover text-center">
                    <div class= "highlight-on-hover">‚úì</div>
                    <div class="relative-pos">
                    </div>
                  </td>
                  <td class="passed not-optional highlight-on-hover text-center">
                    <div class= "highlight-on-hover">‚úì</div>
                    <div class="relative-pos">
                    </div>
                  </td>
                  <td class="passed not-optional highlight-on-hover text-center">
                    <div class= "highlight-on-hover">‚úì</div>
                    <div class="relative-pos">
                    </div>
                  </td>
              </tr>
              <tr>
                <!--This is the name of the test-->
                <td class="subtest">
                    <a href="https://w3c.github.io/vc-data-integrity/#proofs:~:text&#x3D;A%20verification%20method%20is%20the%20means%20and%20information%20needed%20to%20verify%20the%20proof.%20If%20included%2C%20the%20value%20MUST%20be%20a%20string%20that%20maps%20to%20a%20%5BURL%5D.">A verification method is the means and information needed to verify the proof. If included, the value MUST be a string that maps to a [URL]</a>
                </td>
                <!--These contain if the test passed, failed, or was skipped-->
                  <td class="passed not-optional highlight-on-hover text-center">
                    <div class= "highlight-on-hover">‚úì</div>
                    <div class="relative-pos">
                    </div>
                  </td>
                  <td class="passed not-optional highlight-on-hover text-center">
                    <div class= "highlight-on-hover">‚úì</div>
                    <div class="relative-pos">
                    </div>
                  </td>
                  <td class="passed not-optional highlight-on-hover text-center">
                    <div class= "highlight-on-hover">‚úì</div>
                    <div class="relative-pos">
                    </div>
                  </td>
                  <td class="passed not-optional highlight-on-hover text-center">
                    <div class= "highlight-on-hover">‚úì</div>
                    <div class="relative-pos">
                    </div>
                  </td>
                  <td class="passed not-optional highlight-on-hover text-center">
                    <div class= "highlight-on-hover">‚úì</div>
                    <div class="relative-pos">
                    </div>
                  </td>
                  <td class="passed not-optional highlight-on-hover text-center">
                    <div class= "highlight-on-hover">‚úì</div>
                    <div class="relative-pos">
                    </div>
                  </td>
                  <td class="passed not-optional highlight-on-hover text-center">
                    <div class= "highlight-on-hover">‚úì</div>
                    <div class="relative-pos">
                    </div>
                  </td>
                  <td class="passed not-optional highlight-on-hover text-center">
                    <div class= "highlight-on-hover">‚úì</div>
                    <div class="relative-pos">
                    </div>
                  </td>
              </tr>
              <tr>
                <!--This is the name of the test-->
                <td class="subtest">
                    <a href="https://w3c.github.io/vc-data-integrity/#proofs:~:text&#x3D;The%20reason%20the%20proof%20was%20created%20MUST%20be%20specified%20as%20a%20string%20that%20maps%20to%20a%20URL">The reason the proof was created (&quot;proof.proofPurpose&quot;) MUST be specified as a string that maps to a URL</a>
                </td>
                <!--These contain if the test passed, failed, or was skipped-->
                  <td class="passed not-optional highlight-on-hover text-center">
                    <div class= "highlight-on-hover">‚úì</div>
                    <div class="relative-pos">
                    </div>
                  </td>
                  <td class="passed not-optional highlight-on-hover text-center">
                    <div class= "highlight-on-hover">‚úì</div>
                    <div class="relative-pos">
                    </div>
                  </td>
                  <td class="passed not-optional highlight-on-hover text-center">
                    <div class= "highlight-on-hover">‚úì</div>
                    <div class="relative-pos">
                    </div>
                  </td>
                  <td class="passed not-optional highlight-on-hover text-center">
                    <div class= "highlight-on-hover">‚úì</div>
                    <div class="relative-pos">
                    </div>
                  </td>
                  <td class="passed not-optional highlight-on-hover text-center">
                    <div class= "highlight-on-hover">‚úì</div>
                    <div class="relative-pos">
                    </div>
                  </td>
                  <td class="passed not-optional highlight-on-hover text-center">
                    <div class= "highlight-on-hover">‚úì</div>
                    <div class="relative-pos">
                    </div>
                  </td>
                  <td class="passed not-optional highlight-on-hover text-center">
                    <div class= "highlight-on-hover">‚úì</div>
                    <div class="relative-pos">
                    </div>
                  </td>
                  <td class="passed not-optional highlight-on-hover text-center">
                    <div class= "highlight-on-hover">‚úì</div>
                    <div class="relative-pos">
                    </div>
                  </td>
              </tr>
              <tr>
                <!--This is the name of the test-->
                <td class="subtest">
                    <a href="https://w3c.github.io/vc-data-integrity/#proofs:~:text&#x3D;The%20proofValue%20property%20MUST%20be%20used">The proofValue property MUST be used, as specified in 2.1 Proofs.</a>
                </td>
                <!--These contain if the test passed, failed, or was skipped-->
                  <td class="passed not-optional highlight-on-hover text-center">
                    <div class= "highlight-on-hover">‚úì</div>
                    <div class="relative-pos">
                    </div>
                  </td>
                  <td class="passed not-optional highlight-on-hover text-center">
                    <div class= "highlight-on-hover">‚úì</div>
                    <div class="relative-pos">
                    </div>
                  </td>
                  <td class="passed not-optional highlight-on-hover text-center">
                    <div class= "highlight-on-hover">‚úì</div>
                    <div class="relative-pos">
                    </div>
                  </td>
                  <td class="failed not-optional highlight-on-hover text-center">
                    <div class= "highlight-on-hover">‚ùå</div>
                    <div class="relative-pos">
                      <details class="err hide">
                        <summary>expected { type: &#x27;Ed25519Signature2018&#x27;, ‚Ä¶(4) } to have property &#x27;proofValue&#x27;:</summary>
                        <pre>AssertionError: expected { type: &#x27;Ed25519Signature2018&#x27;, ‚Ä¶(4) } to have property &#x27;proofValue&#x27;
                        at Context.&lt;anonymous&gt; (file:///home/runner/work/vc-di-ed25519signature2020-test-suite/vc-di-ed25519signature2020-test-suite/node_modules/data-integrity-test-suite-assertion/suites/create.js:201:29)
                        at process.processImmediate (node:internal/timers:483:21)</pre>
                      </details>
                    </div>
                  </td>
                  <td class="passed not-optional highlight-on-hover text-center">
                    <div class= "highlight-on-hover">‚úì</div>
                    <div class="relative-pos">
                    </div>
                  </td>
                  <td class="passed not-optional highlight-on-hover text-center">
                    <div class= "highlight-on-hover">‚úì</div>
                    <div class="relative-pos">
                    </div>
                  </td>
                  <td class="passed not-optional highlight-on-hover text-center">
                    <div class= "highlight-on-hover">‚úì</div>
                    <div class="relative-pos">
                    </div>
                  </td>
                  <td class="passed not-optional highlight-on-hover text-center">
                    <div class= "highlight-on-hover">‚úì</div>
                    <div class="relative-pos">
                    </div>
                  </td>
              </tr>
              <tr>
                <!--This is the name of the test-->
                <td class="subtest">
                    The contents of the value (&quot;proof.proofValue&quot;) MUST be expressed with a header and encoding as described in Section 2.4 Multibase.
                </td>
                <!--These contain if the test passed, failed, or was skipped-->
                  <td class="passed not-optional highlight-on-hover text-center">
                    <div class= "highlight-on-hover">‚úì</div>
                    <div class="relative-pos">
                    </div>
                  </td>
                  <td class="passed not-optional highlight-on-hover text-center">
                    <div class= "highlight-on-hover">‚úì</div>
                    <div class="relative-pos">
                    </div>
                  </td>
                  <td class="passed not-optional highlight-on-hover text-center">
                    <div class= "highlight-on-hover">‚úì</div>
                    <div class="relative-pos">
                    </div>
                  </td>
                  <td class="failed not-optional highlight-on-hover text-center">
                    <div class= "highlight-on-hover">‚ùå</div>
                    <div class="relative-pos">
                      <details class="err hide">
                        <summary>Cannot read properties of undefined (reading &#x27;slice&#x27;):</summary>
                        <pre>TypeError: Cannot read properties of undefined (reading &#x27;slice&#x27;)
                        at Context.&lt;anonymous&gt; (file:///home/runner/work/vc-di-ed25519signature2020-test-suite/vc-di-ed25519signature2020-test-suite/node_modules/data-integrity-test-suite-assertion/suites/create.js:216:26)
                        at process.processImmediate (node:internal/timers:483:21)</pre>
                      </details>
                    </div>
                  </td>
                  <td class="passed not-optional highlight-on-hover text-center">
                    <div class= "highlight-on-hover">‚úì</div>
                    <div class="relative-pos">
                    </div>
                  </td>
                  <td class="passed not-optional highlight-on-hover text-center">
                    <div class= "highlight-on-hover">‚úì</div>
                    <div class="relative-pos">
                    </div>
                  </td>
                  <td class="passed not-optional highlight-on-hover text-center">
                    <div class= "highlight-on-hover">‚úì</div>
                    <div class="relative-pos">
                    </div>
                  </td>
                  <td class="passed not-optional highlight-on-hover text-center">
                    <div class= "highlight-on-hover">‚úì</div>
                    <div class="relative-pos">
                    </div>
                  </td>
              </tr>
              <tr>
                <!--This is the name of the test-->
                <td class="subtest">
                    <a href="https://w3c.github.io/vc-data-integrity/#verify-proof:~:text&#x3D;The%20domain%20property%20is%20OPTIONAL.%20It%20conveys%20one%20or%20more%20security%20domains%20in%20which%20the%20proof%20is%20meant%20to%20be%20used.%20If%20specified%2C%20the%20associated%20value%20MUST">The domain property is OPTIONAL. It conveys one or more security domains in which the proof is meant to be used. If specified, the associated value MUST be either a string, or an unordered set of strings. A verifier SHOULD use the value to ensure that the proof was intended to be used in the security domain in which the verifier is operating.</a>
                </td>
                <!--These contain if the test passed, failed, or was skipped-->
                  <td class="passed not-optional highlight-on-hover text-center">
                    <div class= "highlight-on-hover">‚úì</div>
                    <div class="relative-pos">
                    </div>
                  </td>
                  <td class="passed not-optional highlight-on-hover text-center">
                    <div class= "highlight-on-hover">‚úì</div>
                    <div class="relative-pos">
                    </div>
                  </td>
                  <td class="passed not-optional highlight-on-hover text-center">
                    <div class= "highlight-on-hover">‚úì</div>
                    <div class="relative-pos">
                    </div>
                  </td>
                  <td class="passed not-optional highlight-on-hover text-center">
                    <div class= "highlight-on-hover">‚úì</div>
                    <div class="relative-pos">
                    </div>
                  </td>
                  <td class="passed not-optional highlight-on-hover text-center">
                    <div class= "highlight-on-hover">‚úì</div>
                    <div class="relative-pos">
                    </div>
                  </td>
                  <td class="passed not-optional highlight-on-hover text-center">
                    <div class= "highlight-on-hover">‚úì</div>
                    <div class="relative-pos">
                    </div>
                  </td>
                  <td class="passed not-optional highlight-on-hover text-center">
                    <div class= "highlight-on-hover">‚úì</div>
                    <div class="relative-pos">
                    </div>
                  </td>
                  <td class="passed not-optional highlight-on-hover text-center">
                    <div class= "highlight-on-hover">‚úì</div>
                    <div class="relative-pos">
                    </div>
                  </td>
              </tr>
              <tr>
                <!--This is the name of the test-->
                <td class="subtest">
                    <a href="https://w3c.github.io/vc-data-integrity/#verify-proof:~:text&#x3D;A%20string%20value%20that%20SHOULD%20be%20included%20in%20a%20proof%20if%20a%20domain%20is%20specified.">(challenge) A string value that SHOULD be included in a proof if a domain is specified.</a>
                </td>
                <!--These contain if the test passed, failed, or was skipped-->
                  <td class="passed not-optional highlight-on-hover text-center">
                    <div class= "highlight-on-hover">‚úì</div>
                    <div class="relative-pos">
                    </div>
                  </td>
                  <td class="passed not-optional highlight-on-hover text-center">
                    <div class= "highlight-on-hover">‚úì</div>
                    <div class="relative-pos">
                    </div>
                  </td>
                  <td class="passed not-optional highlight-on-hover text-center">
                    <div class= "highlight-on-hover">‚úì</div>
                    <div class="relative-pos">
                    </div>
                  </td>
                  <td class="passed not-optional highlight-on-hover text-center">
                    <div class= "highlight-on-hover">‚úì</div>
                    <div class="relative-pos">
                    </div>
                  </td>
                  <td class="passed not-optional highlight-on-hover text-center">
                    <div class= "highlight-on-hover">‚úì</div>
                    <div class="relative-pos">
                    </div>
                  </td>
                  <td class="passed not-optional highlight-on-hover text-center">
                    <div class= "highlight-on-hover">‚úì</div>
                    <div class="relative-pos">
                    </div>
                  </td>
                  <td class="passed not-optional highlight-on-hover text-center">
                    <div class= "highlight-on-hover">‚úì</div>
                    <div class="relative-pos">
                    </div>
                  </td>
                  <td class="passed not-optional highlight-on-hover text-center">
                    <div class= "highlight-on-hover">‚úì</div>
                    <div class="relative-pos">
                    </div>
                  </td>
              </tr>
              <tr>
                <!--This is the name of the test-->
                <td class="subtest">
                    if &quot;proof.previousProof&quot; field exists, it MUST be a string.
                </td>
                <!--These contain if the test passed, failed, or was skipped-->
                  <td class="passed not-optional highlight-on-hover text-center">
                    <div class= "highlight-on-hover">‚úì</div>
                    <div class="relative-pos">
                    </div>
                  </td>
                  <td class="passed not-optional highlight-on-hover text-center">
                    <div class= "highlight-on-hover">‚úì</div>
                    <div class="relative-pos">
                    </div>
                  </td>
                  <td class="passed not-optional highlight-on-hover text-center">
                    <div class= "highlight-on-hover">‚úì</div>
                    <div class="relative-pos">
                    </div>
                  </td>
                  <td class="passed not-optional highlight-on-hover text-center">
                    <div class= "highlight-on-hover">‚úì</div>
                    <div class="relative-pos">
                    </div>
                  </td>
                  <td class="passed not-optional highlight-on-hover text-center">
                    <div class= "highlight-on-hover">‚úì</div>
                    <div class="relative-pos">
                    </div>
                  </td>
                  <td class="passed not-optional highlight-on-hover text-center">
                    <div class= "highlight-on-hover">‚úì</div>
                    <div class="relative-pos">
                    </div>
                  </td>
                  <td class="passed not-optional highlight-on-hover text-center">
                    <div class= "highlight-on-hover">‚úì</div>
                    <div class="relative-pos">
                    </div>
                  </td>
                  <td class="passed not-optional highlight-on-hover text-center">
                    <div class= "highlight-on-hover">‚úì</div>
                    <div class="relative-pos">
                    </div>
                  </td>
              </tr>
              <tr>
                <!--This is the name of the test-->
                <td class="subtest">
                    if &quot;proof.nonce&quot; field exists, it MUST be a string.
                </td>
                <!--These contain if the test passed, failed, or was skipped-->
                  <td class="passed not-optional highlight-on-hover text-center">
                    <div class= "highlight-on-hover">‚úì</div>
                    <div class="relative-pos">
                    </div>
                  </td>
                  <td class="passed not-optional highlight-on-hover text-center">
                    <div class= "highlight-on-hover">‚úì</div>
                    <div class="relative-pos">
                    </div>
                  </td>
                  <td class="passed not-optional highlight-on-hover text-center">
                    <div class= "highlight-on-hover">‚úì</div>
                    <div class="relative-pos">
                    </div>
                  </td>
                  <td class="passed not-optional highlight-on-hover text-center">
                    <div class= "highlight-on-hover">‚úì</div>
                    <div class="relative-pos">
                    </div>
                  </td>
                  <td class="passed not-optional highlight-on-hover text-center">
                    <div class= "highlight-on-hover">‚úì</div>
                    <div class="relative-pos">
                    </div>
                  </td>
                  <td class="passed not-optional highlight-on-hover text-center">
                    <div class= "highlight-on-hover">‚úì</div>
                    <div class="relative-pos">
                    </div>
                  </td>
                  <td class="passed not-optional highlight-on-hover text-center">
                    <div class= "highlight-on-hover">‚úì</div>
                    <div class="relative-pos">
                    </div>
                  </td>
                  <td class="passed not-optional highlight-on-hover text-center">
                    <div class= "highlight-on-hover">‚úì</div>
                    <div class="relative-pos">
                    </div>
                  </td>
              </tr>
              <tr>
                <!--This is the name of the test-->
                <td class="subtest">
                    <a href="https://w3c.github.io/vc-data-integrity/#add-proof:~:text&#x3D;MUST%20use%20mandatory%20proof%20value%20properties%20defined">Cryptographic suite designers MUST use mandatory proof value properties defined in Section 2.1 Proofs, and MAY define other properties specific to their cryptographic suite.</a>
                </td>
                <!--These contain if the test passed, failed, or was skipped-->
                  <td class="passed not-optional highlight-on-hover text-center">
                    <div class= "highlight-on-hover">‚úì</div>
                    <div class="relative-pos">
                    </div>
                  </td>
                  <td class="passed not-optional highlight-on-hover text-center">
                    <div class= "highlight-on-hover">‚úì</div>
                    <div class="relative-pos">
                    </div>
                  </td>
                  <td class="passed not-optional highlight-on-hover text-center">
                    <div class= "highlight-on-hover">‚úì</div>
                    <div class="relative-pos">
                    </div>
                  </td>
                  <td class="failed not-optional highlight-on-hover text-center">
                    <div class= "highlight-on-hover">‚ùå</div>
                    <div class="relative-pos">
                      <details class="err hide">
                        <summary>Expected &quot;proof.proofValue&quot; to exist.: expected undefined to exist:</summary>
                        <pre>AssertionError: Expected &quot;proof.proofValue&quot; to exist.: expected undefined to exist
                        at should.exist (node_modules/chai/lib/chai/interface/should.js:144:34)
                        at shouldBeProof (file:///home/runner/work/vc-di-ed25519signature2020-test-suite/vc-di-ed25519signature2020-test-suite/node_modules/data-integrity-test-suite-assertion/assertions.js:164:10)
                        at Context.&lt;anonymous&gt; (file:///home/runner/work/vc-di-ed25519signature2020-test-suite/vc-di-ed25519signature2020-test-suite/node_modules/data-integrity-test-suite-assertion/suites/create.js:281:9)
                        at process.processImmediate (node:internal/timers:483:21)</pre>
                      </details>
                    </div>
                  </td>
                  <td class="passed not-optional highlight-on-hover text-center">
                    <div class= "highlight-on-hover">‚úì</div>
                    <div class="relative-pos">
                    </div>
                  </td>
                  <td class="passed not-optional highlight-on-hover text-center">
                    <div class= "highlight-on-hover">‚úì</div>
                    <div class="relative-pos">
                    </div>
                  </td>
                  <td class="passed not-optional highlight-on-hover text-center">
                    <div class= "highlight-on-hover">‚úì</div>
                    <div class="relative-pos">
                    </div>
                  </td>
                  <td class="passed not-optional highlight-on-hover text-center">
                    <div class= "highlight-on-hover">‚úì</div>
                    <div class="relative-pos">
                    </div>
                  </td>
              </tr>
              <tr>
                <!--This is the name of the test-->
                <td class="subtest">
                    If an @context property is not provided in a document that is being secured or verified, or the Data Integrity terms used in the document are not mapped by existing values in the @context property, implementations MUST inject or add an @context property with a value of https://w3id.org/security/data-integrity/v2.
                </td>
                <!--These contain if the test passed, failed, or was skipped-->
                  <td class="failed not-optional highlight-on-hover text-center">
                    <div class= "highlight-on-hover">‚ùå</div>
                    <div class="relative-pos">
                      <details class="err hide">
                        <summary>Expected issuer apicatalog.com to perform context injection on a VC with an &quot;@context&quot; property: expected HTTPError: Request failed with status cod‚Ä¶ { ‚Ä¶(6) } to not exist:</summary>
                        <pre>AssertionError: Expected issuer apicatalog.com to perform context injection on a VC with an &quot;@context&quot; property: expected HTTPError: Request failed with status cod‚Ä¶ { ‚Ä¶(6) } to not exist
                        at should.not.exist (node_modules/chai/lib/chai/interface/should.js:208:38)
                        at Context.&lt;anonymous&gt; (file:///home/runner/work/vc-di-ed25519signature2020-test-suite/vc-di-ed25519signature2020-test-suite/node_modules/data-integrity-test-suite-assertion/suites/create.js:457:18)
                        at process.processTicksAndRejections (node:internal/process/task_queues:95:5)</pre>
                      </details>
                    </div>
                  </td>
                  <td class="failed not-optional highlight-on-hover text-center">
                    <div class= "highlight-on-hover">‚ùå</div>
                    <div class="relative-pos">
                      <details class="err hide">
                        <summary>Expected issuer Danube Tech to perform context injection on a VC with an &quot;@context&quot; property: expected HTTPError: Request failed with status cod‚Ä¶ { ‚Ä¶(6) } to not exist:</summary>
                        <pre>AssertionError: Expected issuer Danube Tech to perform context injection on a VC with an &quot;@context&quot; property: expected HTTPError: Request failed with status cod‚Ä¶ { ‚Ä¶(6) } to not exist
                        at should.not.exist (node_modules/chai/lib/chai/interface/should.js:208:38)
                        at Context.&lt;anonymous&gt; (file:///home/runner/work/vc-di-ed25519signature2020-test-suite/vc-di-ed25519signature2020-test-suite/node_modules/data-integrity-test-suite-assertion/suites/create.js:457:18)
                        at process.processTicksAndRejections (node:internal/process/task_queues:95:5)</pre>
                      </details>
                    </div>
                  </td>
                  <td class="failed not-optional highlight-on-hover text-center">
                    <div class= "highlight-on-hover">‚ùå</div>
                    <div class="relative-pos">
                      <details class="err hide">
                        <summary>Expected issuer Digital Bazaar to perform context injection on a VC with an &quot;@context&quot; property: expected HTTPError: A validation error occured in ‚Ä¶ { ‚Ä¶(6) } to not exist:</summary>
                        <pre>AssertionError: Expected issuer Digital Bazaar to perform context injection on a VC with an &quot;@context&quot; property: expected HTTPError: A validation error occured in ‚Ä¶ { ‚Ä¶(6) } to not exist
                        at should.not.exist (node_modules/chai/lib/chai/interface/should.js:208:38)
                        at Context.&lt;anonymous&gt; (file:///home/runner/work/vc-di-ed25519signature2020-test-suite/vc-di-ed25519signature2020-test-suite/node_modules/data-integrity-test-suite-assertion/suites/create.js:457:18)
                        at process.processTicksAndRejections (node:internal/process/task_queues:95:5)</pre>
                      </details>
                    </div>
                  </td>
                  <td class="failed not-optional highlight-on-hover text-center">
                    <div class= "highlight-on-hover">‚ùå</div>
                    <div class="relative-pos">
                      <details class="err hide">
                        <summary>Expected issuer EWF to perform context injection on a VC with an &quot;@context&quot; property: expected HTTPError { ‚Ä¶(7) } to not exist:</summary>
                        <pre>AssertionError: Expected issuer EWF to perform context injection on a VC with an &quot;@context&quot; property: expected HTTPError { ‚Ä¶(7) } to not exist
                        at should.not.exist (node_modules/chai/lib/chai/interface/should.js:208:38)
                        at Context.&lt;anonymous&gt; (file:///home/runner/work/vc-di-ed25519signature2020-test-suite/vc-di-ed25519signature2020-test-suite/node_modules/data-integrity-test-suite-assertion/suites/create.js:457:18)
                        at process.processTicksAndRejections (node:internal/process/task_queues:95:5)</pre>
                      </details>
                    </div>
                  </td>
                  <td class="failed not-optional highlight-on-hover text-center">
                    <div class= "highlight-on-hover">‚ùå</div>
                    <div class="relative-pos">
                      <details class="err hide">
                        <summary>Expected issuer LearnCard to perform context injection on a VC with an &quot;@context&quot; property: expected HTTPError: Request failed with status cod‚Ä¶ { ‚Ä¶(6) } to not exist:</summary>
                        <pre>AssertionError: Expected issuer LearnCard to perform context injection on a VC with an &quot;@context&quot; property: expected HTTPError: Request failed with status cod‚Ä¶ { ‚Ä¶(6) } to not exist
                        at should.not.exist (node_modules/chai/lib/chai/interface/should.js:208:38)
                        at Context.&lt;anonymous&gt; (file:///home/runner/work/vc-di-ed25519signature2020-test-suite/vc-di-ed25519signature2020-test-suite/node_modules/data-integrity-test-suite-assertion/suites/create.js:457:18)
                        at process.processTicksAndRejections (node:internal/process/task_queues:95:5)</pre>
                      </details>
                    </div>
                  </td>
                  <td class="failed not-optional highlight-on-hover text-center">
                    <div class= "highlight-on-hover">‚ùå</div>
                    <div class="relative-pos">
                      <details class="err hide">
                        <summary>Expected issuer Open Security and Identity to perform context injection on a VC with an &quot;@context&quot; property: expected HTTPError: Request failed with status cod‚Ä¶ { ‚Ä¶(6) } to not exist:</summary>
                        <pre>AssertionError: Expected issuer Open Security and Identity to perform context injection on a VC with an &quot;@context&quot; property: expected HTTPError: Request failed with status cod‚Ä¶ { ‚Ä¶(6) } to not exist
                        at should.not.exist (node_modules/chai/lib/chai/interface/should.js:208:38)
                        at Context.&lt;anonymous&gt; (file:///home/runner/work/vc-di-ed25519signature2020-test-suite/vc-di-ed25519signature2020-test-suite/node_modules/data-integrity-test-suite-assertion/suites/create.js:457:18)
                        at process.processTicksAndRejections (node:internal/process/task_queues:95:5)</pre>
                      </details>
                    </div>
                  </td>
                  <td class="failed not-optional highlight-on-hover text-center">
                    <div class= "highlight-on-hover">‚ùå</div>
                    <div class="relative-pos">
                      <details class="err hide">
                        <summary>Expected issuer SpruceID to perform context injection on a VC with an &quot;@context&quot; property: expected HTTPError: Request failed with status cod‚Ä¶ { ‚Ä¶(5) } to not exist:</summary>
                        <pre>AssertionError: Expected issuer SpruceID to perform context injection on a VC with an &quot;@context&quot; property: expected HTTPError: Request failed with status cod‚Ä¶ { ‚Ä¶(5) } to not exist
                        at should.not.exist (node_modules/chai/lib/chai/interface/should.js:208:38)
                        at Context.&lt;anonymous&gt; (file:///home/runner/work/vc-di-ed25519signature2020-test-suite/vc-di-ed25519signature2020-test-suite/node_modules/data-integrity-test-suite-assertion/suites/create.js:457:18)
                        at process.processTicksAndRejections (node:internal/process/task_queues:95:5)</pre>
                      </details>
                    </div>
                  </td>
                  <td class="failed not-optional highlight-on-hover text-center">
                    <div class= "highlight-on-hover">‚ùå</div>
                    <div class="relative-pos">
                      <details class="err hide">
                        <summary>Expected issuer Trinsic to perform context injection on a VC with an &quot;@context&quot; property: expected HTTPError: Request failed with status cod‚Ä¶ { ‚Ä¶(6) } to not exist:</summary>
                        <pre>AssertionError: Expected issuer Trinsic to perform context injection on a VC with an &quot;@context&quot; property: expected HTTPError: Request failed with status cod‚Ä¶ { ‚Ä¶(6) } to not exist
                        at should.not.exist (node_modules/chai/lib/chai/interface/should.js:208:38)
                        at Context.&lt;anonymous&gt; (file:///home/runner/work/vc-di-ed25519signature2020-test-suite/vc-di-ed25519signature2020-test-suite/node_modules/data-integrity-test-suite-assertion/suites/create.js:457:18)
                        at process.processTicksAndRejections (node:internal/process/task_queues:95:5)</pre>
                      </details>
                    </div>
                  </td>
              </tr>
            </tbody>
            </table>
          </div>
          <div>
            <div class="flex-center">
              <div class="row">
              </div>
              <div class="">
              </div>
            </div>
          </div>
        </section>
        <section class="informative" id="Ed25519Signature2020 (issuer)">
          <h2>Ed25519Signature2020 (issuer)</h2>
          <div class="row">
            <table class="simple">
              <thead>
                <th width="20%">
                  <div class="text-right small-font">
                  Issuer &#8658;
                  </div>
                  <div class="text-left small-font">
                  <span>&#8659;</span><span>Test Name</span>
                  </div>
                </th>
                    <th class="no-wrap small-font text-center">apicatalog.com</th>
                    <th class="no-wrap small-font text-center">Danube Tech</th>
                    <th class="no-wrap small-font text-center">Digital Bazaar</th>
                    <th class="no-wrap small-font text-center">EWF</th>
                    <th class="no-wrap small-font text-center">LearnCard</th>
                    <th class="no-wrap small-font text-center">Open Security and Identity</th>
                    <th class="no-wrap small-font text-center">SpruceID</th>
                    <th class="no-wrap small-font text-center">Trinsic</th>
                </thead>
              <tbody>
              <tr>
                <!--This is the name of the test-->
                <td class="subtest">
                    &quot;proofValue&quot; field when decoded to raw bytes, MUST be 64 bytes in length if the associated public key is 32 bytes or 114 bytes in length if the public key is 57 bytes.
                </td>
                <!--These contain if the test passed, failed, or was skipped-->
                  <td class="passed not-optional highlight-on-hover text-center">
                    <div class= "highlight-on-hover">‚úì</div>
                    <div class="relative-pos">
                    </div>
                  </td>
                  <td class="passed not-optional highlight-on-hover text-center">
                    <div class= "highlight-on-hover">‚úì</div>
                    <div class="relative-pos">
                    </div>
                  </td>
                  <td class="passed not-optional highlight-on-hover text-center">
                    <div class= "highlight-on-hover">‚úì</div>
                    <div class="relative-pos">
                    </div>
                  </td>
                  <td class="failed not-optional highlight-on-hover text-center">
                    <div class= "highlight-on-hover">‚ùå</div>
                    <div class="relative-pos">
                      <details class="err hide">
                        <summary>Expected at least one Ed25519 proof.: expected +0 to be at least 1:</summary>
                        <pre>AssertionError: Expected at least one Ed25519 proof.: expected +0 to be at least 1
                        at Context.&lt;anonymous&gt; (file:///home/runner/work/vc-di-ed25519signature2020-test-suite/vc-di-ed25519signature2020-test-suite/tests/10-create.js:73:42)
                        at process.processImmediate (node:internal/timers:483:21)</pre>
                      </details>
                    </div>
                  </td>
                  <td class="passed not-optional highlight-on-hover text-center">
                    <div class= "highlight-on-hover">‚úì</div>
                    <div class="relative-pos">
                    </div>
                  </td>
                  <td class="passed not-optional highlight-on-hover text-center">
                    <div class= "highlight-on-hover">‚úì</div>
                    <div class="relative-pos">
                    </div>
                  </td>
                  <td class="passed not-optional highlight-on-hover text-center">
                    <div class= "highlight-on-hover">‚úì</div>
                    <div class="relative-pos">
                    </div>
                  </td>
                  <td class="passed not-optional highlight-on-hover text-center">
                    <div class= "highlight-on-hover">‚úì</div>
                    <div class="relative-pos">
                    </div>
                  </td>
              </tr>
              <tr>
                <!--This is the name of the test-->
                <td class="subtest">
                    &quot;proof&quot; MUST verify when using a conformant verifier.
                </td>
                <!--These contain if the test passed, failed, or was skipped-->
                  <td class="failed not-optional highlight-on-hover text-center">
                    <div class= "highlight-on-hover">‚ùå</div>
                    <div class="relative-pos">
                      <details class="err hide">
                        <summary>Expected verifier to not error.: expected HTTPError: Request failed with status cod‚Ä¶ { ‚Ä¶(6) } to not exist:</summary>
                        <pre>AssertionError: Expected verifier to not error.: expected HTTPError: Request failed with status cod‚Ä¶ { ‚Ä¶(6) } to not exist
                        at should.not.exist (node_modules/chai/lib/chai/interface/should.js:208:38)
                        at Context.&lt;anonymous&gt; (file:///home/runner/work/vc-di-ed25519signature2020-test-suite/vc-di-ed25519signature2020-test-suite/tests/10-create.js:105:24)
                        at process.processTicksAndRejections (node:internal/process/task_queues:95:5)</pre>
                      </details>
                    </div>
                  </td>
                  <td class="passed not-optional highlight-on-hover text-center">
                    <div class= "highlight-on-hover">‚úì</div>
                    <div class="relative-pos">
                    </div>
                  </td>
                  <td class="passed not-optional highlight-on-hover text-center">
                    <div class= "highlight-on-hover">‚úì</div>
                    <div class="relative-pos">
                    </div>
                  </td>
                  <td class="passed not-optional highlight-on-hover text-center">
                    <div class= "highlight-on-hover">‚úì</div>
                    <div class="relative-pos">
                    </div>
                  </td>
                  <td class="passed not-optional highlight-on-hover text-center">
                    <div class= "highlight-on-hover">‚úì</div>
                    <div class="relative-pos">
                    </div>
                  </td>
                  <td class="passed not-optional highlight-on-hover text-center">
                    <div class= "highlight-on-hover">‚úì</div>
                    <div class="relative-pos">
                    </div>
                  </td>
                  <td class="passed not-optional highlight-on-hover text-center">
                    <div class= "highlight-on-hover">‚úì</div>
                    <div class="relative-pos">
                    </div>
                  </td>
                  <td class="passed not-optional highlight-on-hover text-center">
                    <div class= "highlight-on-hover">‚úì</div>
                    <div class="relative-pos">
                    </div>
                  </td>
              </tr>
            </tbody>
            </table>
          </div>
          <div>
            <div class="flex-center">
              <div class="row">
              </div>
              <div class="">
              </div>
            </div>
          </div>
        </section>
        <section class="informative" id="Data Integrity (verifier)">
          <h2>Data Integrity (verifier)</h2>
          <div class="row">
            <table class="simple">
              <thead>
                <th width="20%">
                  <div class="text-right small-font">
                  Verifier &#8658;
                  </div>
                  <div class="text-left small-font">
                  <span>&#8659;</span><span>Test Name</span>
                  </div>
                </th>
                    <th class="no-wrap small-font text-center">apicatalog.com</th>
                    <th class="no-wrap small-font text-center">Danube Tech</th>
                    <th class="no-wrap small-font text-center">Digital Bazaar</th>
                    <th class="no-wrap small-font text-center">EWF</th>
                    <th class="no-wrap small-font text-center">LearnCard</th>
                    <th class="no-wrap small-font text-center">Open Security and Identity</th>
                    <th class="no-wrap small-font text-center">SpruceID</th>
                    <th class="no-wrap small-font text-center">Trinsic</th>
                </thead>
              <tbody>
              <tr>
                <!--This is the name of the test-->
                <td class="subtest">
                    <a href="https://w3c.github.io/vc-data-integrity/#conformance:~:text&#x3D;Conforming%20processors%20MUST%20produce%20errors%20when%20non%2Dconforming%20documents%20are%20consumed.">Conforming processors MUST produce errors when non-conforming documents are consumed.</a>
                </td>
                <!--These contain if the test passed, failed, or was skipped-->
                  <td class="passed not-optional highlight-on-hover text-center">
                    <div class= "highlight-on-hover">‚úì</div>
                    <div class="relative-pos">
                    </div>
                  </td>
                  <td class="passed not-optional highlight-on-hover text-center">
                    <div class= "highlight-on-hover">‚úì</div>
                    <div class="relative-pos">
                    </div>
                  </td>
                  <td class="passed not-optional highlight-on-hover text-center">
                    <div class= "highlight-on-hover">‚úì</div>
                    <div class="relative-pos">
                    </div>
                  </td>
                  <td class="passed not-optional highlight-on-hover text-center">
                    <div class= "highlight-on-hover">‚úì</div>
                    <div class="relative-pos">
                    </div>
                  </td>
                  <td class="passed not-optional highlight-on-hover text-center">
                    <div class= "highlight-on-hover">‚úì</div>
                    <div class="relative-pos">
                    </div>
                  </td>
                  <td class="passed not-optional highlight-on-hover text-center">
                    <div class= "highlight-on-hover">‚úì</div>
                    <div class="relative-pos">
                    </div>
                  </td>
                  <td class="passed not-optional highlight-on-hover text-center">
                    <div class= "highlight-on-hover">‚úì</div>
                    <div class="relative-pos">
                    </div>
                  </td>
                  <td class="passed not-optional highlight-on-hover text-center">
                    <div class= "highlight-on-hover">‚úì</div>
                    <div class="relative-pos">
                    </div>
                  </td>
              </tr>
              <tr>
                <!--This is the name of the test-->
                <td class="subtest">
                    If the &quot;proof&quot; field is missing, an error MUST be raised.
                </td>
                <!--These contain if the test passed, failed, or was skipped-->
                  <td class="passed not-optional highlight-on-hover text-center">
                    <div class= "highlight-on-hover">‚úì</div>
                    <div class="relative-pos">
                    </div>
                  </td>
                  <td class="passed not-optional highlight-on-hover text-center">
                    <div class= "highlight-on-hover">‚úì</div>
                    <div class="relative-pos">
                    </div>
                  </td>
                  <td class="passed not-optional highlight-on-hover text-center">
                    <div class= "highlight-on-hover">‚úì</div>
                    <div class="relative-pos">
                    </div>
                  </td>
                  <td class="passed not-optional highlight-on-hover text-center">
                    <div class= "highlight-on-hover">‚úì</div>
                    <div class="relative-pos">
                    </div>
                  </td>
                  <td class="passed not-optional highlight-on-hover text-center">
                    <div class= "highlight-on-hover">‚úì</div>
                    <div class="relative-pos">
                    </div>
                  </td>
                  <td class="passed not-optional highlight-on-hover text-center">
                    <div class= "highlight-on-hover">‚úì</div>
                    <div class="relative-pos">
                    </div>
                  </td>
                  <td class="passed not-optional highlight-on-hover text-center">
                    <div class= "highlight-on-hover">‚úì</div>
                    <div class="relative-pos">
                    </div>
                  </td>
                  <td class="passed not-optional highlight-on-hover text-center">
                    <div class= "highlight-on-hover">‚úì</div>
                    <div class="relative-pos">
                    </div>
                  </td>
              </tr>
              <tr>
                <!--This is the name of the test-->
                <td class="subtest">
                    If the &quot;proof&quot; field is invalid, an error MUST be raised.
                </td>
                <!--These contain if the test passed, failed, or was skipped-->
                  <td class="passed not-optional highlight-on-hover text-center">
                    <div class= "highlight-on-hover">‚úì</div>
                    <div class="relative-pos">
                    </div>
                  </td>
                  <td class="passed not-optional highlight-on-hover text-center">
                    <div class= "highlight-on-hover">‚úì</div>
                    <div class="relative-pos">
                    </div>
                  </td>
                  <td class="passed not-optional highlight-on-hover text-center">
                    <div class= "highlight-on-hover">‚úì</div>
                    <div class="relative-pos">
                    </div>
                  </td>
                  <td class="passed not-optional highlight-on-hover text-center">
                    <div class= "highlight-on-hover">‚úì</div>
                    <div class="relative-pos">
                    </div>
                  </td>
                  <td class="passed not-optional highlight-on-hover text-center">
                    <div class= "highlight-on-hover">‚úì</div>
                    <div class="relative-pos">
                    </div>
                  </td>
                  <td class="passed not-optional highlight-on-hover text-center">
                    <div class= "highlight-on-hover">‚úì</div>
                    <div class="relative-pos">
                    </div>
                  </td>
                  <td class="passed not-optional highlight-on-hover text-center">
                    <div class= "highlight-on-hover">‚úì</div>
                    <div class="relative-pos">
                    </div>
                  </td>
                  <td class="passed not-optional highlight-on-hover text-center">
                    <div class= "highlight-on-hover">‚úì</div>
                    <div class="relative-pos">
                    </div>
                  </td>
              </tr>
              <tr>
                <!--This is the name of the test-->
                <td class="subtest">
                    If the &quot;proof.type&quot; field is missing, an error MUST be raised.
                </td>
                <!--These contain if the test passed, failed, or was skipped-->
                  <td class="passed not-optional highlight-on-hover text-center">
                    <div class= "highlight-on-hover">‚úì</div>
                    <div class="relative-pos">
                    </div>
                  </td>
                  <td class="passed not-optional highlight-on-hover text-center">
                    <div class= "highlight-on-hover">‚úì</div>
                    <div class="relative-pos">
                    </div>
                  </td>
                  <td class="passed not-optional highlight-on-hover text-center">
                    <div class= "highlight-on-hover">‚úì</div>
                    <div class="relative-pos">
                    </div>
                  </td>
                  <td class="passed not-optional highlight-on-hover text-center">
                    <div class= "highlight-on-hover">‚úì</div>
                    <div class="relative-pos">
                    </div>
                  </td>
                  <td class="passed not-optional highlight-on-hover text-center">
                    <div class= "highlight-on-hover">‚úì</div>
                    <div class="relative-pos">
                    </div>
                  </td>
                  <td class="passed not-optional highlight-on-hover text-center">
                    <div class= "highlight-on-hover">‚úì</div>
                    <div class="relative-pos">
                    </div>
                  </td>
                  <td class="passed not-optional highlight-on-hover text-center">
                    <div class= "highlight-on-hover">‚úì</div>
                    <div class="relative-pos">
                    </div>
                  </td>
                  <td class="passed not-optional highlight-on-hover text-center">
                    <div class= "highlight-on-hover">‚úì</div>
                    <div class="relative-pos">
                    </div>
                  </td>
              </tr>
              <tr>
                <!--This is the name of the test-->
                <td class="subtest">
                    If the &quot;proof.type&quot; field is not the string &quot;Ed25519Signature2020&quot;, an error MUST be raised.
                </td>
                <!--These contain if the test passed, failed, or was skipped-->
                  <td class="passed not-optional highlight-on-hover text-center">
                    <div class= "highlight-on-hover">‚úì</div>
                    <div class="relative-pos">
                    </div>
                  </td>
                  <td class="passed not-optional highlight-on-hover text-center">
                    <div class= "highlight-on-hover">‚úì</div>
                    <div class="relative-pos">
                    </div>
                  </td>
                  <td class="passed not-optional highlight-on-hover text-center">
                    <div class= "highlight-on-hover">‚úì</div>
                    <div class="relative-pos">
                    </div>
                  </td>
                  <td class="passed not-optional highlight-on-hover text-center">
                    <div class= "highlight-on-hover">‚úì</div>
                    <div class="relative-pos">
                    </div>
                  </td>
                  <td class="passed not-optional highlight-on-hover text-center">
                    <div class= "highlight-on-hover">‚úì</div>
                    <div class="relative-pos">
                    </div>
                  </td>
                  <td class="passed not-optional highlight-on-hover text-center">
                    <div class= "highlight-on-hover">‚úì</div>
                    <div class="relative-pos">
                    </div>
                  </td>
                  <td class="passed not-optional highlight-on-hover text-center">
                    <div class= "highlight-on-hover">‚úì</div>
                    <div class="relative-pos">
                    </div>
                  </td>
                  <td class="passed not-optional highlight-on-hover text-center">
                    <div class= "highlight-on-hover">‚úì</div>
                    <div class="relative-pos">
                    </div>
                  </td>
              </tr>
              <tr>
                <!--This is the name of the test-->
                <td class="subtest">
                    If the &quot;proof.verificationMethod&quot; field is missing, an error MUST be raised.
                </td>
                <!--These contain if the test passed, failed, or was skipped-->
                  <td class="passed not-optional highlight-on-hover text-center">
                    <div class= "highlight-on-hover">‚úì</div>
                    <div class="relative-pos">
                    </div>
                  </td>
                  <td class="failed not-optional highlight-on-hover text-center">
                    <div class= "highlight-on-hover">‚ùå</div>
                    <div class="relative-pos">
                      <details class="err hide">
                        <summary>Expected &quot;response.status&quot; to exist.: expected undefined to exist:</summary>
                        <pre>AssertionError: Expected &quot;response.status&quot; to exist.: expected undefined to exist
                        at should.exist (node_modules/chai/lib/chai/interface/should.js:144:34)
                        at shouldBeErrorResponse (file:///home/runner/work/vc-di-ed25519signature2020-test-suite/vc-di-ed25519signature2020-test-suite/node_modules/data-integrity-test-suite-assertion/assertions.js:186:10)
                        at verificationFail (file:///home/runner/work/vc-di-ed25519signature2020-test-suite/vc-di-ed25519signature2020-test-suite/node_modules/data-integrity-test-suite-assertion/assertions.js:38:3)
                        at process.processTicksAndRejections (node:internal/process/task_queues:95:5)
                        at async Context.&lt;anonymous&gt; (file:///home/runner/work/vc-di-ed25519signature2020-test-suite/vc-di-ed25519signature2020-test-suite/node_modules/data-integrity-test-suite-assertion/suites/verify.js:69:7)</pre>
                      </details>
                    </div>
                  </td>
                  <td class="passed not-optional highlight-on-hover text-center">
                    <div class= "highlight-on-hover">‚úì</div>
                    <div class="relative-pos">
                    </div>
                  </td>
                  <td class="passed not-optional highlight-on-hover text-center">
                    <div class= "highlight-on-hover">‚úì</div>
                    <div class="relative-pos">
                    </div>
                  </td>
                  <td class="passed not-optional highlight-on-hover text-center">
                    <div class= "highlight-on-hover">‚úì</div>
                    <div class="relative-pos">
                    </div>
                  </td>
                  <td class="passed not-optional highlight-on-hover text-center">
                    <div class= "highlight-on-hover">‚úì</div>
                    <div class="relative-pos">
                    </div>
                  </td>
                  <td class="passed not-optional highlight-on-hover text-center">
                    <div class= "highlight-on-hover">‚úì</div>
                    <div class="relative-pos">
                    </div>
                  </td>
                  <td class="passed not-optional highlight-on-hover text-center">
                    <div class= "highlight-on-hover">‚úì</div>
                    <div class="relative-pos">
                    </div>
                  </td>
              </tr>
              <tr>
                <!--This is the name of the test-->
                <td class="subtest">
                    If the &quot;proof.verificationMethod&quot; field is invalid, an error MUST be raised.
                </td>
                <!--These contain if the test passed, failed, or was skipped-->
                  <td class="passed not-optional highlight-on-hover text-center">
                    <div class= "highlight-on-hover">‚úì</div>
                    <div class="relative-pos">
                    </div>
                  </td>
                  <td class="passed not-optional highlight-on-hover text-center">
                    <div class= "highlight-on-hover">‚úì</div>
                    <div class="relative-pos">
                    </div>
                  </td>
                  <td class="passed not-optional highlight-on-hover text-center">
                    <div class= "highlight-on-hover">‚úì</div>
                    <div class="relative-pos">
                    </div>
                  </td>
                  <td class="passed not-optional highlight-on-hover text-center">
                    <div class= "highlight-on-hover">‚úì</div>
                    <div class="relative-pos">
                    </div>
                  </td>
                  <td class="passed not-optional highlight-on-hover text-center">
                    <div class= "highlight-on-hover">‚úì</div>
                    <div class="relative-pos">
                    </div>
                  </td>
                  <td class="passed not-optional highlight-on-hover text-center">
                    <div class= "highlight-on-hover">‚úì</div>
                    <div class="relative-pos">
                    </div>
                  </td>
                  <td class="passed not-optional highlight-on-hover text-center">
                    <div class= "highlight-on-hover">‚úì</div>
                    <div class="relative-pos">
                    </div>
                  </td>
                  <td class="passed not-optional highlight-on-hover text-center">
                    <div class= "highlight-on-hover">‚úì</div>
                    <div class="relative-pos">
                    </div>
                  </td>
              </tr>
              <tr>
                <!--This is the name of the test-->
                <td class="subtest">
                    If the &quot;proof.proofPurpose&quot; field is missing, an error MUST be raised.
                </td>
                <!--These contain if the test passed, failed, or was skipped-->
                  <td class="passed not-optional highlight-on-hover text-center">
                    <div class= "highlight-on-hover">‚úì</div>
                    <div class="relative-pos">
                    </div>
                  </td>
                  <td class="passed not-optional highlight-on-hover text-center">
                    <div class= "highlight-on-hover">‚úì</div>
                    <div class="relative-pos">
                    </div>
                  </td>
                  <td class="passed not-optional highlight-on-hover text-center">
                    <div class= "highlight-on-hover">‚úì</div>
                    <div class="relative-pos">
                    </div>
                  </td>
                  <td class="passed not-optional highlight-on-hover text-center">
                    <div class= "highlight-on-hover">‚úì</div>
                    <div class="relative-pos">
                    </div>
                  </td>
                  <td class="passed not-optional highlight-on-hover text-center">
                    <div class= "highlight-on-hover">‚úì</div>
                    <div class="relative-pos">
                    </div>
                  </td>
                  <td class="passed not-optional highlight-on-hover text-center">
                    <div class= "highlight-on-hover">‚úì</div>
                    <div class="relative-pos">
                    </div>
                  </td>
                  <td class="passed not-optional highlight-on-hover text-center">
                    <div class= "highlight-on-hover">‚úì</div>
                    <div class="relative-pos">
                    </div>
                  </td>
                  <td class="passed not-optional highlight-on-hover text-center">
                    <div class= "highlight-on-hover">‚úì</div>
                    <div class="relative-pos">
                    </div>
                  </td>
              </tr>
              <tr>
                <!--This is the name of the test-->
                <td class="subtest">
                    If the &quot;proof.proofPurpose&quot; field is invalid, an error MUST be raised.
                </td>
                <!--These contain if the test passed, failed, or was skipped-->
                  <td class="passed not-optional highlight-on-hover text-center">
                    <div class= "highlight-on-hover">‚úì</div>
                    <div class="relative-pos">
                    </div>
                  </td>
                  <td class="passed not-optional highlight-on-hover text-center">
                    <div class= "highlight-on-hover">‚úì</div>
                    <div class="relative-pos">
                    </div>
                  </td>
                  <td class="passed not-optional highlight-on-hover text-center">
                    <div class= "highlight-on-hover">‚úì</div>
                    <div class="relative-pos">
                    </div>
                  </td>
                  <td class="passed not-optional highlight-on-hover text-center">
                    <div class= "highlight-on-hover">‚úì</div>
                    <div class="relative-pos">
                    </div>
                  </td>
                  <td class="passed not-optional highlight-on-hover text-center">
                    <div class= "highlight-on-hover">‚úì</div>
                    <div class="relative-pos">
                    </div>
                  </td>
                  <td class="passed not-optional highlight-on-hover text-center">
                    <div class= "highlight-on-hover">‚úì</div>
                    <div class="relative-pos">
                    </div>
                  </td>
                  <td class="passed not-optional highlight-on-hover text-center">
                    <div class= "highlight-on-hover">‚úì</div>
                    <div class="relative-pos">
                    </div>
                  </td>
                  <td class="passed not-optional highlight-on-hover text-center">
                    <div class= "highlight-on-hover">‚úì</div>
                    <div class="relative-pos">
                    </div>
                  </td>
              </tr>
              <tr>
                <!--This is the name of the test-->
                <td class="subtest">
                    If the &quot;proof.proofPurpose&quot; value does not match &quot;options.expectedProofPurpose&quot;, an error MUST be raised.
                </td>
                <!--These contain if the test passed, failed, or was skipped-->
                  <td class="passed not-optional highlight-on-hover text-center">
                    <div class= "highlight-on-hover">‚úì</div>
                    <div class="relative-pos">
                    </div>
                  </td>
                  <td class="passed not-optional highlight-on-hover text-center">
                    <div class= "highlight-on-hover">‚úì</div>
                    <div class="relative-pos">
                    </div>
                  </td>
                  <td class="passed not-optional highlight-on-hover text-center">
                    <div class= "highlight-on-hover">‚úì</div>
                    <div class="relative-pos">
                    </div>
                  </td>
                  <td class="passed not-optional highlight-on-hover text-center">
                    <div class= "highlight-on-hover">‚úì</div>
                    <div class="relative-pos">
                    </div>
                  </td>
                  <td class="passed not-optional highlight-on-hover text-center">
                    <div class= "highlight-on-hover">‚úì</div>
                    <div class="relative-pos">
                    </div>
                  </td>
                  <td class="passed not-optional highlight-on-hover text-center">
                    <div class= "highlight-on-hover">‚úì</div>
                    <div class="relative-pos">
                    </div>
                  </td>
                  <td class="passed not-optional highlight-on-hover text-center">
                    <div class= "highlight-on-hover">‚úì</div>
                    <div class="relative-pos">
                    </div>
                  </td>
                  <td class="passed not-optional highlight-on-hover text-center">
                    <div class= "highlight-on-hover">‚úì</div>
                    <div class="relative-pos">
                    </div>
                  </td>
              </tr>
              <tr>
                <!--This is the name of the test-->
                <td class="subtest">
                    If the &quot;proof.proofValue&quot; field is missing, an error MUST be raised.
                </td>
                <!--These contain if the test passed, failed, or was skipped-->
                  <td class="passed not-optional highlight-on-hover text-center">
                    <div class= "highlight-on-hover">‚úì</div>
                    <div class="relative-pos">
                    </div>
                  </td>
                  <td class="passed not-optional highlight-on-hover text-center">
                    <div class= "highlight-on-hover">‚úì</div>
                    <div class="relative-pos">
                    </div>
                  </td>
                  <td class="passed not-optional highlight-on-hover text-center">
                    <div class= "highlight-on-hover">‚úì</div>
                    <div class="relative-pos">
                    </div>
                  </td>
                  <td class="passed not-optional highlight-on-hover text-center">
                    <div class= "highlight-on-hover">‚úì</div>
                    <div class="relative-pos">
                    </div>
                  </td>
                  <td class="passed not-optional highlight-on-hover text-center">
                    <div class= "highlight-on-hover">‚úì</div>
                    <div class="relative-pos">
                    </div>
                  </td>
                  <td class="passed not-optional highlight-on-hover text-center">
                    <div class= "highlight-on-hover">‚úì</div>
                    <div class="relative-pos">
                    </div>
                  </td>
                  <td class="passed not-optional highlight-on-hover text-center">
                    <div class= "highlight-on-hover">‚úì</div>
                    <div class="relative-pos">
                    </div>
                  </td>
                  <td class="passed not-optional highlight-on-hover text-center">
                    <div class= "highlight-on-hover">‚úì</div>
                    <div class="relative-pos">
                    </div>
                  </td>
              </tr>
              <tr>
                <!--This is the name of the test-->
                <td class="subtest">
                    If the &quot;proof.proofValue&quot; field is invalid, an error MUST be raised.
                </td>
                <!--These contain if the test passed, failed, or was skipped-->
                  <td class="passed not-optional highlight-on-hover text-center">
                    <div class= "highlight-on-hover">‚úì</div>
                    <div class="relative-pos">
                    </div>
                  </td>
                  <td class="passed not-optional highlight-on-hover text-center">
                    <div class= "highlight-on-hover">‚úì</div>
                    <div class="relative-pos">
                    </div>
                  </td>
                  <td class="passed not-optional highlight-on-hover text-center">
                    <div class= "highlight-on-hover">‚úì</div>
                    <div class="relative-pos">
                    </div>
                  </td>
                  <td class="passed not-optional highlight-on-hover text-center">
                    <div class= "highlight-on-hover">‚úì</div>
                    <div class="relative-pos">
                    </div>
                  </td>
                  <td class="passed not-optional highlight-on-hover text-center">
                    <div class= "highlight-on-hover">‚úì</div>
                    <div class="relative-pos">
                    </div>
                  </td>
                  <td class="passed not-optional highlight-on-hover text-center">
                    <div class= "highlight-on-hover">‚úì</div>
                    <div class="relative-pos">
                    </div>
                  </td>
                  <td class="passed not-optional highlight-on-hover text-center">
                    <div class= "highlight-on-hover">‚úì</div>
                    <div class="relative-pos">
                    </div>
                  </td>
                  <td class="passed not-optional highlight-on-hover text-center">
                    <div class= "highlight-on-hover">‚úì</div>
                    <div class="relative-pos">
                    </div>
                  </td>
              </tr>
              <tr>
                <!--This is the name of the test-->
                <td class="subtest">
                    <a href="https://w3c.github.io/vc-data-integrity/#proofs:~:text&#x3D;MUST%20be%20specified%20as%20an%20%5BXMLSCHEMA11%2D2%5D%20dateTimeStamp%20string%2C%20either%20in%20Universal%20Coordinated%20Time%20(UTC)%2C%20denoted%20by%20a%20Z%20at%20the%20end%20of%20the%20value%2C%20or%20with%20a%20time%20zone%20offset%20relative%20to%20UTC">The date and time the proof was created is OPTIONAL and, if included, MUST be specified as an [XMLSCHEMA11-2] dateTimeStamp string, either in Universal Coordinated Time (UTC), denoted by a Z at the end of the value, or with a time zone offset relative to UTC.</a>
                </td>
                <!--These contain if the test passed, failed, or was skipped-->
                  <td class="passed not-optional highlight-on-hover text-center">
                    <div class= "highlight-on-hover">‚úì</div>
                    <div class="relative-pos">
                    </div>
                  </td>
                  <td class="passed not-optional highlight-on-hover text-center">
                    <div class= "highlight-on-hover">‚úì</div>
                    <div class="relative-pos">
                    </div>
                  </td>
                  <td class="passed not-optional highlight-on-hover text-center">
                    <div class= "highlight-on-hover">‚úì</div>
                    <div class="relative-pos">
                    </div>
                  </td>
                  <td class="passed not-optional highlight-on-hover text-center">
                    <div class= "highlight-on-hover">‚úì</div>
                    <div class="relative-pos">
                    </div>
                  </td>
                  <td class="passed not-optional highlight-on-hover text-center">
                    <div class= "highlight-on-hover">‚úì</div>
                    <div class="relative-pos">
                    </div>
                  </td>
                  <td class="passed not-optional highlight-on-hover text-center">
                    <div class= "highlight-on-hover">‚úì</div>
                    <div class="relative-pos">
                    </div>
                  </td>
                  <td class="passed not-optional highlight-on-hover text-center">
                    <div class= "highlight-on-hover">‚úì</div>
                    <div class="relative-pos">
                    </div>
                  </td>
                  <td class="passed not-optional highlight-on-hover text-center">
                    <div class= "highlight-on-hover">‚úì</div>
                    <div class="relative-pos">
                    </div>
                  </td>
              </tr>
              <tr>
                <!--This is the name of the test-->
                <td class="subtest">
                    <a href="https://w3c.github.io/vc-data-integrity/#proofs:~:text&#x3D;relative%20to%20UTC.-,Time%20values%20that%20are%20incorrectly%20serialized%20without%20an%20offset%20MUST%20be%20interpreted%20as%20UTC.,-expires">(created) Time values that are incorrectly serialized without an offset MUST be interpreted as UTC.</a>
                </td>
                <!--These contain if the test passed, failed, or was skipped-->
                  <td class="passed not-optional highlight-on-hover text-center">
                    <div class= "highlight-on-hover">‚úì</div>
                    <div class="relative-pos">
                    </div>
                  </td>
                  <td class="passed not-optional highlight-on-hover text-center">
                    <div class= "highlight-on-hover">‚úì</div>
                    <div class="relative-pos">
                    </div>
                  </td>
                  <td class="passed not-optional highlight-on-hover text-center">
                    <div class= "highlight-on-hover">‚úì</div>
                    <div class="relative-pos">
                    </div>
                  </td>
                  <td class="passed not-optional highlight-on-hover text-center">
                    <div class= "highlight-on-hover">‚úì</div>
                    <div class="relative-pos">
                    </div>
                  </td>
                  <td class="passed not-optional highlight-on-hover text-center">
                    <div class= "highlight-on-hover">‚úì</div>
                    <div class="relative-pos">
                    </div>
                  </td>
                  <td class="passed not-optional highlight-on-hover text-center">
                    <div class= "highlight-on-hover">‚úì</div>
                    <div class="relative-pos">
                    </div>
                  </td>
                  <td class="passed not-optional highlight-on-hover text-center">
                    <div class= "highlight-on-hover">‚úì</div>
                    <div class="relative-pos">
                    </div>
                  </td>
                  <td class="passed not-optional highlight-on-hover text-center">
                    <div class= "highlight-on-hover">‚úì</div>
                    <div class="relative-pos">
                    </div>
                  </td>
              </tr>
              <tr>
                <!--This is the name of the test-->
                <td class="subtest">
                    <a href="https://w3c.github.io/vc-data-integrity/#proofs:~:text&#x3D;relative%20to%20UTC.-,Time%20values%20that%20are%20incorrectly%20serialized%20without%20an%20offset%20MUST%20be%20interpreted%20as%20UTC.,-domain">(expires) Time values that are incorrectly serialized without an offset MUST be interpreted as UTC.</a>
                </td>
                <!--These contain if the test passed, failed, or was skipped-->
                  <td class="passed not-optional highlight-on-hover text-center">
                    <div class= "highlight-on-hover">‚úì</div>
                    <div class="relative-pos">
                    </div>
                  </td>
                  <td class="passed not-optional highlight-on-hover text-center">
                    <div class= "highlight-on-hover">‚úì</div>
                    <div class="relative-pos">
                    </div>
                  </td>
                  <td class="passed not-optional highlight-on-hover text-center">
                    <div class= "highlight-on-hover">‚úì</div>
                    <div class="relative-pos">
                    </div>
                  </td>
                  <td class="passed not-optional highlight-on-hover text-center">
                    <div class= "highlight-on-hover">‚úì</div>
                    <div class="relative-pos">
                    </div>
                  </td>
                  <td class="passed not-optional highlight-on-hover text-center">
                    <div class= "highlight-on-hover">‚úì</div>
                    <div class="relative-pos">
                    </div>
                  </td>
                  <td class="passed not-optional highlight-on-hover text-center">
                    <div class= "highlight-on-hover">‚úì</div>
                    <div class="relative-pos">
                    </div>
                  </td>
                  <td class="passed not-optional highlight-on-hover text-center">
                    <div class= "highlight-on-hover">‚úì</div>
                    <div class="relative-pos">
                    </div>
                  </td>
                  <td class="passed not-optional highlight-on-hover text-center">
                    <div class= "highlight-on-hover">‚úì</div>
                    <div class="relative-pos">
                    </div>
                  </td>
              </tr>
              <tr>
                <!--This is the name of the test-->
                <td class="subtest">
                    If the &quot;proof.proofValue&quot; field is not multibase-encoded, an error MUST be raised.
                </td>
                <!--These contain if the test passed, failed, or was skipped-->
                  <td class="passed not-optional highlight-on-hover text-center">
                    <div class= "highlight-on-hover">‚úì</div>
                    <div class="relative-pos">
                    </div>
                  </td>
                  <td class="passed not-optional highlight-on-hover text-center">
                    <div class= "highlight-on-hover">‚úì</div>
                    <div class="relative-pos">
                    </div>
                  </td>
                  <td class="passed not-optional highlight-on-hover text-center">
                    <div class= "highlight-on-hover">‚úì</div>
                    <div class="relative-pos">
                    </div>
                  </td>
                  <td class="passed not-optional highlight-on-hover text-center">
                    <div class= "highlight-on-hover">‚úì</div>
                    <div class="relative-pos">
                    </div>
                  </td>
                  <td class="passed not-optional highlight-on-hover text-center">
                    <div class= "highlight-on-hover">‚úì</div>
                    <div class="relative-pos">
                    </div>
                  </td>
                  <td class="passed not-optional highlight-on-hover text-center">
                    <div class= "highlight-on-hover">‚úì</div>
                    <div class="relative-pos">
                    </div>
                  </td>
                  <td class="passed not-optional highlight-on-hover text-center">
                    <div class= "highlight-on-hover">‚úì</div>
                    <div class="relative-pos">
                    </div>
                  </td>
                  <td class="passed not-optional highlight-on-hover text-center">
                    <div class= "highlight-on-hover">‚úì</div>
                    <div class="relative-pos">
                    </div>
                  </td>
              </tr>
              <tr>
                <!--This is the name of the test-->
                <td class="subtest">
                    <a href="https://w3c.github.io/vc-data-integrity/#introduction:~:text&#x3D;The%20value%20of%20the%20cryptosuite%20property%20MUST%20be%20a%20string%20that%20identifies%20the%20cryptographic%20suite.%20If%20the%20processing%20environment%20supports%20subtypes%20of%20string%2C%20the%20type%20of%20the%20cryptosuite%20value%20MUST%20be%20the%20https%3A//w3id.org/security%23cryptosuiteString%20subtype%20of%20string.">The value of the cryptosuite property MUST be a string that identifies the cryptographic suite. If the processing environment supports subtypes of string, the type of the cryptosuite value MUST be the https://w3id.org/security#cryptosuiteString subtype of string.</a>
                </td>
                <!--These contain if the test passed, failed, or was skipped-->
                  <td class="passed not-optional highlight-on-hover text-center">
                    <div class= "highlight-on-hover">‚úì</div>
                    <div class="relative-pos">
                    </div>
                  </td>
                  <td class="passed not-optional highlight-on-hover text-center">
                    <div class= "highlight-on-hover">‚úì</div>
                    <div class="relative-pos">
                    </div>
                  </td>
                  <td class="passed not-optional highlight-on-hover text-center">
                    <div class= "highlight-on-hover">‚úì</div>
                    <div class="relative-pos">
                    </div>
                  </td>
                  <td class="passed not-optional highlight-on-hover text-center">
                    <div class= "highlight-on-hover">‚úì</div>
                    <div class="relative-pos">
                    </div>
                  </td>
                  <td class="passed not-optional highlight-on-hover text-center">
                    <div class= "highlight-on-hover">‚úì</div>
                    <div class="relative-pos">
                    </div>
                  </td>
                  <td class="passed not-optional highlight-on-hover text-center">
                    <div class= "highlight-on-hover">‚úì</div>
                    <div class="relative-pos">
                    </div>
                  </td>
                  <td class="passed not-optional highlight-on-hover text-center">
                    <div class= "highlight-on-hover">‚úì</div>
                    <div class="relative-pos">
                    </div>
                  </td>
                  <td class="passed not-optional highlight-on-hover text-center">
                    <div class= "highlight-on-hover">‚úì</div>
                    <div class="relative-pos">
                    </div>
                  </td>
              </tr>
              <tr>
                <!--This is the name of the test-->
                <td class="subtest">
                    <a href="https://w3c.github.io/vc-data-integrity/#verify-proof:~:text&#x3D;If%20options%20has%20a%20non%2Dnull%20domain%20item%2C%20it%20MUST%20be%20equal%20to%20proof.domain%20or%20an%20error%20MUST%20be%20raised%20and%20SHOULD%20convey%20an%20error%20type%20of%20PROOF_GENERATION_ERROR.">If options has a non-null domain item, it MUST be equal to proof.domain or an error MUST be raised and SHOULD convey an error type of PROOF_GENERATION_ERROR.</a>
                </td>
                <!--These contain if the test passed, failed, or was skipped-->
                  <td class="passed not-optional highlight-on-hover text-center">
                    <div class= "highlight-on-hover">‚úì</div>
                    <div class="relative-pos">
                    </div>
                  </td>
                  <td class="passed not-optional highlight-on-hover text-center">
                    <div class= "highlight-on-hover">‚úì</div>
                    <div class="relative-pos">
                    </div>
                  </td>
                  <td class="passed not-optional highlight-on-hover text-center">
                    <div class= "highlight-on-hover">‚úì</div>
                    <div class="relative-pos">
                    </div>
                  </td>
                  <td class="passed not-optional highlight-on-hover text-center">
                    <div class= "highlight-on-hover">‚úì</div>
                    <div class="relative-pos">
                    </div>
                  </td>
                  <td class="passed not-optional highlight-on-hover text-center">
                    <div class= "highlight-on-hover">‚úì</div>
                    <div class="relative-pos">
                    </div>
                  </td>
                  <td class="passed not-optional highlight-on-hover text-center">
                    <div class= "highlight-on-hover">‚úì</div>
                    <div class="relative-pos">
                    </div>
                  </td>
                  <td class="passed not-optional highlight-on-hover text-center">
                    <div class= "highlight-on-hover">‚úì</div>
                    <div class="relative-pos">
                    </div>
                  </td>
                  <td class="passed not-optional highlight-on-hover text-center">
                    <div class= "highlight-on-hover">‚úì</div>
                    <div class="relative-pos">
                    </div>
                  </td>
              </tr>
              <tr>
                <!--This is the name of the test-->
                <td class="subtest">
                    <a href="https://w3c.github.io/vc-data-integrity/#add-proof:~:text&#x3D;If%20options%20has%20a%20non%2Dnull%20challenge%20item%2C%20it%20MUST%20be%20equal%20to%20proof.challenge%20or%20an%20error%20MUST%20be%20raised%20and%20SHOULD%20convey%20an%20error%20type%20of%20PROOF_GENERATION_ERROR.">If options has a non-null challenge item, it MUST be equal to proof.challenge or an error MUST be raised and SHOULD convey an error type of PROOF_GENERATION_ERROR.</a>
                </td>
                <!--These contain if the test passed, failed, or was skipped-->
                  <td class="passed not-optional highlight-on-hover text-center">
                    <div class= "highlight-on-hover">‚úì</div>
                    <div class="relative-pos">
                    </div>
                  </td>
                  <td class="passed not-optional highlight-on-hover text-center">
                    <div class= "highlight-on-hover">‚úì</div>
                    <div class="relative-pos">
                    </div>
                  </td>
                  <td class="passed not-optional highlight-on-hover text-center">
                    <div class= "highlight-on-hover">‚úì</div>
                    <div class="relative-pos">
                    </div>
                  </td>
                  <td class="passed not-optional highlight-on-hover text-center">
                    <div class= "highlight-on-hover">‚úì</div>
                    <div class="relative-pos">
                    </div>
                  </td>
                  <td class="passed not-optional highlight-on-hover text-center">
                    <div class= "highlight-on-hover">‚úì</div>
                    <div class="relative-pos">
                    </div>
                  </td>
                  <td class="passed not-optional highlight-on-hover text-center">
                    <div class= "highlight-on-hover">‚úì</div>
                    <div class="relative-pos">
                    </div>
                  </td>
                  <td class="passed not-optional highlight-on-hover text-center">
                    <div class= "highlight-on-hover">‚úì</div>
                    <div class="relative-pos">
                    </div>
                  </td>
                  <td class="passed not-optional highlight-on-hover text-center">
                    <div class= "highlight-on-hover">‚úì</div>
                    <div class="relative-pos">
                    </div>
                  </td>
              </tr>
            </tbody>
            </table>
          </div>
          <div>
            <div class="flex-center">
              <div class="row">
              </div>
              <div class="">
              </div>
            </div>
          </div>
        </section>
        <section class="informative" id="Ed25519Signature2020 (verifier)">
          <h2>Ed25519Signature2020 (verifier)</h2>
          <div class="row">
            <table class="simple">
              <thead>
                <th width="20%">
                  <div class="text-right small-font">
                  Verifier &#8658;
                  </div>
                  <div class="text-left small-font">
                  <span>&#8659;</span><span>Test Name</span>
                  </div>
                </th>
                    <th class="no-wrap small-font text-center">apicatalog.com</th>
                    <th class="no-wrap small-font text-center">Danube Tech</th>
                    <th class="no-wrap small-font text-center">Digital Bazaar</th>
                    <th class="no-wrap small-font text-center">EWF</th>
                    <th class="no-wrap small-font text-center">LearnCard</th>
                    <th class="no-wrap small-font text-center">Open Security and Identity</th>
                    <th class="no-wrap small-font text-center">SpruceID</th>
                    <th class="no-wrap small-font text-center">Trinsic</th>
                </thead>
              <tbody>
              <tr>
                <!--This is the name of the test-->
                <td class="subtest">
                    MUST verify a valid VC with an Ed25519Signature2020 proof
                </td>
                <!--These contain if the test passed, failed, or was skipped-->
                  <td class="passed not-optional highlight-on-hover text-center">
                    <div class= "highlight-on-hover">‚úì</div>
                    <div class="relative-pos">
                    </div>
                  </td>
                  <td class="passed not-optional highlight-on-hover text-center">
                    <div class= "highlight-on-hover">‚úì</div>
                    <div class="relative-pos">
                    </div>
                  </td>
                  <td class="passed not-optional highlight-on-hover text-center">
                    <div class= "highlight-on-hover">‚úì</div>
                    <div class="relative-pos">
                    </div>
                  </td>
                  <td class="passed not-optional highlight-on-hover text-center">
                    <div class= "highlight-on-hover">‚úì</div>
                    <div class="relative-pos">
                    </div>
                  </td>
                  <td class="passed not-optional highlight-on-hover text-center">
                    <div class= "highlight-on-hover">‚úì</div>
                    <div class="relative-pos">
                    </div>
                  </td>
                  <td class="passed not-optional highlight-on-hover text-center">
                    <div class= "highlight-on-hover">‚úì</div>
                    <div class="relative-pos">
                    </div>
                  </td>
                  <td class="passed not-optional highlight-on-hover text-center">
                    <div class= "highlight-on-hover">‚úì</div>
                    <div class="relative-pos">
                    </div>
                  </td>
                  <td class="passed not-optional highlight-on-hover text-center">
                    <div class= "highlight-on-hover">‚úì</div>
                    <div class="relative-pos">
                    </div>
                  </td>
              </tr>
              <tr>
                <!--This is the name of the test-->
                <td class="subtest">
                    If the &quot;proofValue&quot; field, when decoded to raw bytes, is not 64 bytes in length if the associated public key is 32 bytes in length, or 114 bytes in length if the public key is 57 bytes in length, an error MUST be raised.
                </td>
                <!--These contain if the test passed, failed, or was skipped-->
                  <td class="passed not-optional highlight-on-hover text-center">
                    <div class= "highlight-on-hover">‚úì</div>
                    <div class="relative-pos">
                    </div>
                  </td>
                  <td class="passed not-optional highlight-on-hover text-center">
                    <div class= "highlight-on-hover">‚úì</div>
                    <div class="relative-pos">
                    </div>
                  </td>
                  <td class="passed not-optional highlight-on-hover text-center">
                    <div class= "highlight-on-hover">‚úì</div>
                    <div class="relative-pos">
                    </div>
                  </td>
                  <td class="passed not-optional highlight-on-hover text-center">
                    <div class= "highlight-on-hover">‚úì</div>
                    <div class="relative-pos">
                    </div>
                  </td>
                  <td class="passed not-optional highlight-on-hover text-center">
                    <div class= "highlight-on-hover">‚úì</div>
                    <div class="relative-pos">
                    </div>
                  </td>
                  <td class="failed not-optional highlight-on-hover text-center">
                    <div class= "highlight-on-hover">‚ùå</div>
                    <div class="relative-pos">
                      <details class="err hide">
                        <summary>Expected no result from verifier.: expected Response { status: 200, statusText: &#x27;OK&#x27;, headers: Headers { &#x27;content-length&#x27;: &#x27;638&#x27;, &#x27;content-type&#x27;: &#x27;application/json; charset&#x3D;utf-8&#x27;, date: &#x27;Sun, 04 Aug 2024 05:02:08 GMT&#x27;, server: &#x27;Python/3.9 aiohttp/3.9.5&#x27;, Authorization: &#x27;** SANITIZED TO PREVENT EXPOSING OF SECRETS ***&#x27; }, body: ReadableStream { locked: false, state: &#x27;readable&#x27;, supportsBYOB: true }, bodyUsed: false, ok: true, redirected: false, type: &#x27;default&#x27;, url: &#x27;&#x27; } to not exist:</summary>
                        <pre>AssertionError: Expected no result from verifier.: expected Response { status: 200, statusText: &#x27;OK&#x27;, headers: Headers { &#x27;content-length&#x27;: &#x27;638&#x27;, &#x27;content-type&#x27;: &#x27;application/json; charset&#x3D;utf-8&#x27;, date: &#x27;Sun, 04 Aug 2024 05:02:08 GMT&#x27;, server: &#x27;Python/3.9 aiohttp/3.9.5&#x27;, Authorization: &#x27;** SANITIZED TO PREVENT EXPOSING OF SECRETS ***&#x27; }, body: ReadableStream { locked: false, state: &#x27;readable&#x27;, supportsBYOB: true }, bodyUsed: false, ok: true, redirected: false, type: &#x27;default&#x27;, url: &#x27;&#x27; } to not exist
                        at should.not.exist (node_modules/chai/lib/chai/interface/should.js:208:38)
                        at verificationFail (file:///home/runner/work/vc-di-ed25519signature2020-test-suite/vc-di-ed25519signature2020-test-suite/tests/assertions.js:49:14)
                        at process.processTicksAndRejections (node:internal/process/task_queues:95:5)
                        at async Context.&lt;anonymous&gt; (file:///home/runner/work/vc-di-ed25519signature2020-test-suite/vc-di-ed25519signature2020-test-suite/tests/20-verify.js:73:11)</pre>
                      </details>
                    </div>
                  </td>
                  <td class="passed not-optional highlight-on-hover text-center">
                    <div class= "highlight-on-hover">‚úì</div>
                    <div class="relative-pos">
                    </div>
                  </td>
                  <td class="passed not-optional highlight-on-hover text-center">
                    <div class= "highlight-on-hover">‚úì</div>
                    <div class="relative-pos">
                    </div>
                  </td>
              </tr>
              <tr>
                <!--This is the name of the test-->
                <td class="subtest">
                    If a canonicalization algorithm other than URDNA2015 is used, an error MUST be raised.
                </td>
                <!--These contain if the test passed, failed, or was skipped-->
                  <td class="passed not-optional highlight-on-hover text-center">
                    <div class= "highlight-on-hover">‚úì</div>
                    <div class="relative-pos">
                    </div>
                  </td>
                  <td class="passed not-optional highlight-on-hover text-center">
                    <div class= "highlight-on-hover">‚úì</div>
                    <div class="relative-pos">
                    </div>
                  </td>
                  <td class="passed not-optional highlight-on-hover text-center">
                    <div class= "highlight-on-hover">‚úì</div>
                    <div class="relative-pos">
                    </div>
                  </td>
                  <td class="passed not-optional highlight-on-hover text-center">
                    <div class= "highlight-on-hover">‚úì</div>
                    <div class="relative-pos">
                    </div>
                  </td>
                  <td class="passed not-optional highlight-on-hover text-center">
                    <div class= "highlight-on-hover">‚úì</div>
                    <div class="relative-pos">
                    </div>
                  </td>
                  <td class="failed not-optional highlight-on-hover text-center">
                    <div class= "highlight-on-hover">‚ùå</div>
                    <div class="relative-pos">
                      <details class="err hide">
                        <summary>Expected no result from verifier.: expected Response { status: 200, statusText: &#x27;OK&#x27;, headers: Headers { &#x27;content-length&#x27;: &#x27;638&#x27;, &#x27;content-type&#x27;: &#x27;application/json; charset&#x3D;utf-8&#x27;, date: &#x27;Sun, 04 Aug 2024 05:02:08 GMT&#x27;, server: &#x27;Python/3.9 aiohttp/3.9.5&#x27;, Authorization: &#x27;** SANITIZED TO PREVENT EXPOSING OF SECRETS ***&#x27; }, body: ReadableStream { locked: false, state: &#x27;readable&#x27;, supportsBYOB: true }, bodyUsed: false, ok: true, redirected: false, type: &#x27;default&#x27;, url: &#x27;&#x27; } to not exist:</summary>
                        <pre>AssertionError: Expected no result from verifier.: expected Response { status: 200, statusText: &#x27;OK&#x27;, headers: Headers { &#x27;content-length&#x27;: &#x27;638&#x27;, &#x27;content-type&#x27;: &#x27;application/json; charset&#x3D;utf-8&#x27;, date: &#x27;Sun, 04 Aug 2024 05:02:08 GMT&#x27;, server: &#x27;Python/3.9 aiohttp/3.9.5&#x27;, Authorization: &#x27;** SANITIZED TO PREVENT EXPOSING OF SECRETS ***&#x27; }, body: ReadableStream { locked: false, state: &#x27;readable&#x27;, supportsBYOB: true }, bodyUsed: false, ok: true, redirected: false, type: &#x27;default&#x27;, url: &#x27;&#x27; } to not exist
                        at should.not.exist (node_modules/chai/lib/chai/interface/should.js:208:38)
                        at verificationFail (file:///home/runner/work/vc-di-ed25519signature2020-test-suite/vc-di-ed25519signature2020-test-suite/tests/assertions.js:49:14)
                        at process.processTicksAndRejections (node:internal/process/task_queues:95:5)
                        at async Context.&lt;anonymous&gt; (file:///home/runner/work/vc-di-ed25519signature2020-test-suite/vc-di-ed25519signature2020-test-suite/tests/20-verify.js:82:11)</pre>
                      </details>
                    </div>
                  </td>
                  <td class="passed not-optional highlight-on-hover text-center">
                    <div class= "highlight-on-hover">‚úì</div>
                    <div class="relative-pos">
                    </div>
                  </td>
                  <td class="passed not-optional highlight-on-hover text-center">
                    <div class= "highlight-on-hover">‚úì</div>
                    <div class="relative-pos">
                    </div>
                  </td>
              </tr>
              <tr>
                <!--This is the name of the test-->
                <td class="subtest">
                    If a canonicalization data hashing algorithm SHA-2-256 is used, an error MUST be raised.
                </td>
                <!--These contain if the test passed, failed, or was skipped-->
                  <td class="passed not-optional highlight-on-hover text-center">
                    <div class= "highlight-on-hover">‚úì</div>
                    <div class="relative-pos">
                    </div>
                  </td>
                  <td class="passed not-optional highlight-on-hover text-center">
                    <div class= "highlight-on-hover">‚úì</div>
                    <div class="relative-pos">
                    </div>
                  </td>
                  <td class="passed not-optional highlight-on-hover text-center">
                    <div class= "highlight-on-hover">‚úì</div>
                    <div class="relative-pos">
                    </div>
                  </td>
                  <td class="passed not-optional highlight-on-hover text-center">
                    <div class= "highlight-on-hover">‚úì</div>
                    <div class="relative-pos">
                    </div>
                  </td>
                  <td class="passed not-optional highlight-on-hover text-center">
                    <div class= "highlight-on-hover">‚úì</div>
                    <div class="relative-pos">
                    </div>
                  </td>
                  <td class="failed not-optional highlight-on-hover text-center">
                    <div class= "highlight-on-hover">‚ùå</div>
                    <div class="relative-pos">
                      <details class="err hide">
                        <summary>Expected no result from verifier.: expected Response { status: 200, statusText: &#x27;OK&#x27;, headers: Headers { &#x27;content-length&#x27;: &#x27;638&#x27;, &#x27;content-type&#x27;: &#x27;application/json; charset&#x3D;utf-8&#x27;, date: &#x27;Sun, 04 Aug 2024 05:02:08 GMT&#x27;, server: &#x27;Python/3.9 aiohttp/3.9.5&#x27;, Authorization: &#x27;** SANITIZED TO PREVENT EXPOSING OF SECRETS ***&#x27; }, body: ReadableStream { locked: false, state: &#x27;readable&#x27;, supportsBYOB: true }, bodyUsed: false, ok: true, redirected: false, type: &#x27;default&#x27;, url: &#x27;&#x27; } to not exist:</summary>
                        <pre>AssertionError: Expected no result from verifier.: expected Response { status: 200, statusText: &#x27;OK&#x27;, headers: Headers { &#x27;content-length&#x27;: &#x27;638&#x27;, &#x27;content-type&#x27;: &#x27;application/json; charset&#x3D;utf-8&#x27;, date: &#x27;Sun, 04 Aug 2024 05:02:08 GMT&#x27;, server: &#x27;Python/3.9 aiohttp/3.9.5&#x27;, Authorization: &#x27;** SANITIZED TO PREVENT EXPOSING OF SECRETS ***&#x27; }, body: ReadableStream { locked: false, state: &#x27;readable&#x27;, supportsBYOB: true }, bodyUsed: false, ok: true, redirected: false, type: &#x27;default&#x27;, url: &#x27;&#x27; } to not exist
                        at should.not.exist (node_modules/chai/lib/chai/interface/should.js:208:38)
                        at verificationFail (file:///home/runner/work/vc-di-ed25519signature2020-test-suite/vc-di-ed25519signature2020-test-suite/tests/assertions.js:49:14)
                        at process.processTicksAndRejections (node:internal/process/task_queues:95:5)
                        at async Context.&lt;anonymous&gt; (file:///home/runner/work/vc-di-ed25519signature2020-test-suite/vc-di-ed25519signature2020-test-suite/tests/20-verify.js:91:11)</pre>
                      </details>
                    </div>
                  </td>
                  <td class="passed not-optional highlight-on-hover text-center">
                    <div class= "highlight-on-hover">‚úì</div>
                    <div class="relative-pos">
                    </div>
                  </td>
                  <td class="passed not-optional highlight-on-hover text-center">
                    <div class= "highlight-on-hover">‚úì</div>
                    <div class="relative-pos">
                    </div>
                  </td>
              </tr>
            </tbody>
            </table>
          </div>
          <div>
            <div class="flex-center">
              <div class="row">
              </div>
              <div class="">
              </div>
            </div>
          </div>
        </section>
        <section class="informative" id="Ed25519Signature2020 (interop)">
          <h2>Ed25519Signature2020 (interop)</h2>
          <div class="row">
            <table class="simple">
              <thead>
                <th width="20%">
                  <div class="text-right small-font">
                  Verifier &#8658;
                  </div>
                  <div class="text-left small-font">
                  <span>&#8659;</span><span>Issuer</span>
                  </div>
                </th>
                    <th class="no-wrap small-font text-center">apicatalog.com</th>
                    <th class="no-wrap small-font text-center">Danube Tech</th>
                    <th class="no-wrap small-font text-center">Digital Bazaar</th>
                    <th class="no-wrap small-font text-center">EWF</th>
                    <th class="no-wrap small-font text-center">LearnCard</th>
                    <th class="no-wrap small-font text-center">Open Security and Identity</th>
                    <th class="no-wrap small-font text-center">SpruceID</th>
                    <th class="no-wrap small-font text-center">Trinsic</th>
                </thead>
              <tbody>
              <tr>
                <!--This is the name of the test-->
                <td class="subtest">
                    apicatalog.com
                </td>
                <!--These contain if the test passed, failed, or was skipped-->
                  <td class="failed not-optional highlight-on-hover text-center">
                    <div class= "highlight-on-hover">‚ùå</div>
                    <div class="relative-pos">
                      <details class="err hide">
                        <summary>Expected verifier to not error.: expected HTTPError: Request failed with status cod‚Ä¶ { ‚Ä¶(6) } to not exist:</summary>
                        <pre>AssertionError: Expected verifier to not error.: expected HTTPError: Request failed with status cod‚Ä¶ { ‚Ä¶(6) } to not exist
                        at should.not.exist (node_modules/chai/lib/chai/interface/should.js:208:38)
                        at Context.&lt;anonymous&gt; (file:///home/runner/work/vc-di-ed25519signature2020-test-suite/vc-di-ed25519signature2020-test-suite/tests/30-interop.js:66:20)
                        at process.processTicksAndRejections (node:internal/process/task_queues:95:5)</pre>
                      </details>
                    </div>
                  </td>
                  <td class="failed not-optional highlight-on-hover text-center">
                    <div class= "highlight-on-hover">‚ùå</div>
                    <div class="relative-pos">
                      <details class="err hide">
                        <summary>Expected verifier to not error.: expected HTTPError: Request failed with status cod‚Ä¶ { ‚Ä¶(6) } to not exist:</summary>
                        <pre>AssertionError: Expected verifier to not error.: expected HTTPError: Request failed with status cod‚Ä¶ { ‚Ä¶(6) } to not exist
                        at should.not.exist (node_modules/chai/lib/chai/interface/should.js:208:38)
                        at Context.&lt;anonymous&gt; (file:///home/runner/work/vc-di-ed25519signature2020-test-suite/vc-di-ed25519signature2020-test-suite/tests/30-interop.js:66:20)
                        at process.processTicksAndRejections (node:internal/process/task_queues:95:5)</pre>
                      </details>
                    </div>
                  </td>
                  <td class="failed not-optional highlight-on-hover text-center">
                    <div class= "highlight-on-hover">‚ùå</div>
                    <div class="relative-pos">
                      <details class="err hide">
                        <summary>Expected verifier to not error.: expected HTTPError: Request failed with status cod‚Ä¶ { ‚Ä¶(6) } to not exist:</summary>
                        <pre>AssertionError: Expected verifier to not error.: expected HTTPError: Request failed with status cod‚Ä¶ { ‚Ä¶(6) } to not exist
                        at should.not.exist (node_modules/chai/lib/chai/interface/should.js:208:38)
                        at Context.&lt;anonymous&gt; (file:///home/runner/work/vc-di-ed25519signature2020-test-suite/vc-di-ed25519signature2020-test-suite/tests/30-interop.js:66:20)
                        at process.processTicksAndRejections (node:internal/process/task_queues:95:5)</pre>
                      </details>
                    </div>
                  </td>
                  <td class="failed not-optional highlight-on-hover text-center">
                    <div class= "highlight-on-hover">‚ùå</div>
                    <div class="relative-pos">
                      <details class="err hide">
                        <summary>Expected verifier to not error.: expected HTTPError { ‚Ä¶(7) } to not exist:</summary>
                        <pre>AssertionError: Expected verifier to not error.: expected HTTPError { ‚Ä¶(7) } to not exist
                        at should.not.exist (node_modules/chai/lib/chai/interface/should.js:208:38)
                        at Context.&lt;anonymous&gt; (file:///home/runner/work/vc-di-ed25519signature2020-test-suite/vc-di-ed25519signature2020-test-suite/tests/30-interop.js:66:20)
                        at process.processTicksAndRejections (node:internal/process/task_queues:95:5)</pre>
                      </details>
                    </div>
                  </td>
                  <td class="failed not-optional highlight-on-hover text-center">
                    <div class= "highlight-on-hover">‚ùå</div>
                    <div class="relative-pos">
                      <details class="err hide">
                        <summary>Expected verifier to not error.: expected HTTPError: Request failed with status cod‚Ä¶ { ‚Ä¶(6) } to not exist:</summary>
                        <pre>AssertionError: Expected verifier to not error.: expected HTTPError: Request failed with status cod‚Ä¶ { ‚Ä¶(6) } to not exist
                        at should.not.exist (node_modules/chai/lib/chai/interface/should.js:208:38)
                        at Context.&lt;anonymous&gt; (file:///home/runner/work/vc-di-ed25519signature2020-test-suite/vc-di-ed25519signature2020-test-suite/tests/30-interop.js:66:20)
                        at process.processTicksAndRejections (node:internal/process/task_queues:95:5)</pre>
                      </details>
                    </div>
                  </td>
                  <td class="failed not-optional highlight-on-hover text-center">
                    <div class= "highlight-on-hover">‚ùå</div>
                    <div class="relative-pos">
                      <details class="err hide">
                        <summary>Expected verifier to not error.: expected HTTPError: Request failed with status cod‚Ä¶ { ‚Ä¶(6) } to not exist:</summary>
                        <pre>AssertionError: Expected verifier to not error.: expected HTTPError: Request failed with status cod‚Ä¶ { ‚Ä¶(6) } to not exist
                        at should.not.exist (node_modules/chai/lib/chai/interface/should.js:208:38)
                        at Context.&lt;anonymous&gt; (file:///home/runner/work/vc-di-ed25519signature2020-test-suite/vc-di-ed25519signature2020-test-suite/tests/30-interop.js:66:20)
                        at process.processTicksAndRejections (node:internal/process/task_queues:95:5)</pre>
                      </details>
                    </div>
                  </td>
                  <td class="failed not-optional highlight-on-hover text-center">
                    <div class= "highlight-on-hover">‚ùå</div>
                    <div class="relative-pos">
                      <details class="err hide">
                        <summary>Expected verifier to not error.: expected HTTPError: Request failed with status cod‚Ä¶ { ‚Ä¶(5) } to not exist:</summary>
                        <pre>AssertionError: Expected verifier to not error.: expected HTTPError: Request failed with status cod‚Ä¶ { ‚Ä¶(5) } to not exist
                        at should.not.exist (node_modules/chai/lib/chai/interface/should.js:208:38)
                        at Context.&lt;anonymous&gt; (file:///home/runner/work/vc-di-ed25519signature2020-test-suite/vc-di-ed25519signature2020-test-suite/tests/30-interop.js:66:20)
                        at process.processTicksAndRejections (node:internal/process/task_queues:95:5)</pre>
                      </details>
                    </div>
                  </td>
                  <td class="failed not-optional highlight-on-hover text-center">
                    <div class= "highlight-on-hover">‚ùå</div>
                    <div class="relative-pos">
                      <details class="err hide">
                        <summary>Expected verifier to not error.: expected HTTPError: Request failed with status cod‚Ä¶ { ‚Ä¶(5) } to not exist:</summary>
                        <pre>AssertionError: Expected verifier to not error.: expected HTTPError: Request failed with status cod‚Ä¶ { ‚Ä¶(5) } to not exist
                        at should.not.exist (node_modules/chai/lib/chai/interface/should.js:208:38)
                        at Context.&lt;anonymous&gt; (file:///home/runner/work/vc-di-ed25519signature2020-test-suite/vc-di-ed25519signature2020-test-suite/tests/30-interop.js:66:20)
                        at process.processTicksAndRejections (node:internal/process/task_queues:95:5)</pre>
                      </details>
                    </div>
                  </td>
              </tr>
              <tr>
                <!--This is the name of the test-->
                <td class="subtest">
                    Danube Tech
                </td>
                <!--These contain if the test passed, failed, or was skipped-->
                  <td class="passed not-optional highlight-on-hover text-center">
                    <div class= "highlight-on-hover">‚úì</div>
                    <div class="relative-pos">
                    </div>
                  </td>
                  <td class="passed not-optional highlight-on-hover text-center">
                    <div class= "highlight-on-hover">‚úì</div>
                    <div class="relative-pos">
                    </div>
                  </td>
                  <td class="passed not-optional highlight-on-hover text-center">
                    <div class= "highlight-on-hover">‚úì</div>
                    <div class="relative-pos">
                    </div>
                  </td>
                  <td class="passed not-optional highlight-on-hover text-center">
                    <div class= "highlight-on-hover">‚úì</div>
                    <div class="relative-pos">
                    </div>
                  </td>
                  <td class="passed not-optional highlight-on-hover text-center">
                    <div class= "highlight-on-hover">‚úì</div>
                    <div class="relative-pos">
                    </div>
                  </td>
                  <td class="passed not-optional highlight-on-hover text-center">
                    <div class= "highlight-on-hover">‚úì</div>
                    <div class="relative-pos">
                    </div>
                  </td>
                  <td class="passed not-optional highlight-on-hover text-center">
                    <div class= "highlight-on-hover">‚úì</div>
                    <div class="relative-pos">
                    </div>
                  </td>
                  <td class="passed not-optional highlight-on-hover text-center">
                    <div class= "highlight-on-hover">‚úì</div>
                    <div class="relative-pos">
                    </div>
                  </td>
              </tr>
              <tr>
                <!--This is the name of the test-->
                <td class="subtest">
                    Digital Bazaar
                </td>
                <!--These contain if the test passed, failed, or was skipped-->
                  <td class="passed not-optional highlight-on-hover text-center">
                    <div class= "highlight-on-hover">‚úì</div>
                    <div class="relative-pos">
                    </div>
                  </td>
                  <td class="passed not-optional highlight-on-hover text-center">
                    <div class= "highlight-on-hover">‚úì</div>
                    <div class="relative-pos">
                    </div>
                  </td>
                  <td class="passed not-optional highlight-on-hover text-center">
                    <div class= "highlight-on-hover">‚úì</div>
                    <div class="relative-pos">
                    </div>
                  </td>
                  <td class="passed not-optional highlight-on-hover text-center">
                    <div class= "highlight-on-hover">‚úì</div>
                    <div class="relative-pos">
                    </div>
                  </td>
                  <td class="passed not-optional highlight-on-hover text-center">
                    <div class= "highlight-on-hover">‚úì</div>
                    <div class="relative-pos">
                    </div>
                  </td>
                  <td class="passed not-optional highlight-on-hover text-center">
                    <div class= "highlight-on-hover">‚úì</div>
                    <div class="relative-pos">
                    </div>
                  </td>
                  <td class="passed not-optional highlight-on-hover text-center">
                    <div class= "highlight-on-hover">‚úì</div>
                    <div class="relative-pos">
                    </div>
                  </td>
                  <td class="passed not-optional highlight-on-hover text-center">
                    <div class= "highlight-on-hover">‚úì</div>
                    <div class="relative-pos">
                    </div>
                  </td>
              </tr>
              <tr>
                <!--This is the name of the test-->
                <td class="subtest">
                    EWF
                </td>
                <!--These contain if the test passed, failed, or was skipped-->
                  <td class="failed not-optional highlight-on-hover text-center">
                    <div class= "highlight-on-hover">‚ùå</div>
                    <div class="relative-pos">
                      <details class="err hide">
                        <summary>Expected verifier to not error.: expected HTTPError: Request failed with status cod‚Ä¶ { ‚Ä¶(6) } to not exist:</summary>
                        <pre>AssertionError: Expected verifier to not error.: expected HTTPError: Request failed with status cod‚Ä¶ { ‚Ä¶(6) } to not exist
                        at should.not.exist (node_modules/chai/lib/chai/interface/should.js:208:38)
                        at Context.&lt;anonymous&gt; (file:///home/runner/work/vc-di-ed25519signature2020-test-suite/vc-di-ed25519signature2020-test-suite/tests/30-interop.js:66:20)
                        at process.processTicksAndRejections (node:internal/process/task_queues:95:5)</pre>
                      </details>
                    </div>
                  </td>
                  <td class="passed not-optional highlight-on-hover text-center">
                    <div class= "highlight-on-hover">‚úì</div>
                    <div class="relative-pos">
                    </div>
                  </td>
                  <td class="passed not-optional highlight-on-hover text-center">
                    <div class= "highlight-on-hover">‚úì</div>
                    <div class="relative-pos">
                    </div>
                  </td>
                  <td class="passed not-optional highlight-on-hover text-center">
                    <div class= "highlight-on-hover">‚úì</div>
                    <div class="relative-pos">
                    </div>
                  </td>
                  <td class="passed not-optional highlight-on-hover text-center">
                    <div class= "highlight-on-hover">‚úì</div>
                    <div class="relative-pos">
                    </div>
                  </td>
                  <td class="failed not-optional highlight-on-hover text-center">
                    <div class= "highlight-on-hover">‚ùå</div>
                    <div class="relative-pos">
                      <details class="err hide">
                        <summary>Expected verifier to not error.: expected HTTPError: Request failed with status cod‚Ä¶ { ‚Ä¶(6) } to not exist:</summary>
                        <pre>AssertionError: Expected verifier to not error.: expected HTTPError: Request failed with status cod‚Ä¶ { ‚Ä¶(6) } to not exist
                        at should.not.exist (node_modules/chai/lib/chai/interface/should.js:208:38)
                        at Context.&lt;anonymous&gt; (file:///home/runner/work/vc-di-ed25519signature2020-test-suite/vc-di-ed25519signature2020-test-suite/tests/30-interop.js:66:20)
                        at process.processTicksAndRejections (node:internal/process/task_queues:95:5)</pre>
                      </details>
                    </div>
                  </td>
                  <td class="passed not-optional highlight-on-hover text-center">
                    <div class= "highlight-on-hover">‚úì</div>
                    <div class="relative-pos">
                    </div>
                  </td>
                  <td class="failed not-optional highlight-on-hover text-center">
                    <div class= "highlight-on-hover">‚ùå</div>
                    <div class="relative-pos">
                      <details class="err hide">
                        <summary>Expected verifier to not error.: expected HTTPError: Request failed with status cod‚Ä¶ { ‚Ä¶(5) } to not exist:</summary>
                        <pre>AssertionError: Expected verifier to not error.: expected HTTPError: Request failed with status cod‚Ä¶ { ‚Ä¶(5) } to not exist
                        at should.not.exist (node_modules/chai/lib/chai/interface/should.js:208:38)
                        at Context.&lt;anonymous&gt; (file:///home/runner/work/vc-di-ed25519signature2020-test-suite/vc-di-ed25519signature2020-test-suite/tests/30-interop.js:66:20)
                        at process.processTicksAndRejections (node:internal/process/task_queues:95:5)</pre>
                      </details>
                    </div>
                  </td>
              </tr>
              <tr>
                <!--This is the name of the test-->
                <td class="subtest">
                    LearnCard
                </td>
                <!--These contain if the test passed, failed, or was skipped-->
                  <td class="passed not-optional highlight-on-hover text-center">
                    <div class= "highlight-on-hover">‚úì</div>
                    <div class="relative-pos">
                    </div>
                  </td>
                  <td class="failed not-optional highlight-on-hover text-center">
                    <div class= "highlight-on-hover">‚ùå</div>
                    <div class="relative-pos">
                      <details class="err hide">
                        <summary>Expected verifier to not error.: expected HTTPError: Request failed with status cod‚Ä¶ { ‚Ä¶(6) } to not exist:</summary>
                        <pre>AssertionError: Expected verifier to not error.: expected HTTPError: Request failed with status cod‚Ä¶ { ‚Ä¶(6) } to not exist
                        at should.not.exist (node_modules/chai/lib/chai/interface/should.js:208:38)
                        at Context.&lt;anonymous&gt; (file:///home/runner/work/vc-di-ed25519signature2020-test-suite/vc-di-ed25519signature2020-test-suite/tests/30-interop.js:66:20)
                        at process.processTicksAndRejections (node:internal/process/task_queues:95:5)</pre>
                      </details>
                    </div>
                  </td>
                  <td class="failed not-optional highlight-on-hover text-center">
                    <div class= "highlight-on-hover">‚ùå</div>
                    <div class="relative-pos">
                      <details class="err hide">
                        <summary>Expected verifier to not error.: expected HTTPError: Request failed with status cod‚Ä¶ { ‚Ä¶(6) } to not exist:</summary>
                        <pre>AssertionError: Expected verifier to not error.: expected HTTPError: Request failed with status cod‚Ä¶ { ‚Ä¶(6) } to not exist
                        at should.not.exist (node_modules/chai/lib/chai/interface/should.js:208:38)
                        at Context.&lt;anonymous&gt; (file:///home/runner/work/vc-di-ed25519signature2020-test-suite/vc-di-ed25519signature2020-test-suite/tests/30-interop.js:66:20)
                        at process.processTicksAndRejections (node:internal/process/task_queues:95:5)</pre>
                      </details>
                    </div>
                  </td>
                  <td class="passed not-optional highlight-on-hover text-center">
                    <div class= "highlight-on-hover">‚úì</div>
                    <div class="relative-pos">
                    </div>
                  </td>
                  <td class="passed not-optional highlight-on-hover text-center">
                    <div class= "highlight-on-hover">‚úì</div>
                    <div class="relative-pos">
                    </div>
                  </td>
                  <td class="failed not-optional highlight-on-hover text-center">
                    <div class= "highlight-on-hover">‚ùå</div>
                    <div class="relative-pos">
                      <details class="err hide">
                        <summary>Expected verifier to not error.: expected HTTPError: Request failed with status cod‚Ä¶ { ‚Ä¶(5) } to not exist:</summary>
                        <pre>AssertionError: Expected verifier to not error.: expected HTTPError: Request failed with status cod‚Ä¶ { ‚Ä¶(5) } to not exist
                        at should.not.exist (node_modules/chai/lib/chai/interface/should.js:208:38)
                        at Context.&lt;anonymous&gt; (file:///home/runner/work/vc-di-ed25519signature2020-test-suite/vc-di-ed25519signature2020-test-suite/tests/30-interop.js:66:20)
                        at process.processTicksAndRejections (node:internal/process/task_queues:95:5)</pre>
                      </details>
                    </div>
                  </td>
                  <td class="passed not-optional highlight-on-hover text-center">
                    <div class= "highlight-on-hover">‚úì</div>
                    <div class="relative-pos">
                    </div>
                  </td>
                  <td class="passed not-optional highlight-on-hover text-center">
                    <div class= "highlight-on-hover">‚úì</div>
                    <div class="relative-pos">
                    </div>
                  </td>
              </tr>
              <tr>
                <!--This is the name of the test-->
                <td class="subtest">
                    Open Security and Identity
                </td>
                <!--These contain if the test passed, failed, or was skipped-->
                  <td class="passed not-optional highlight-on-hover text-center">
                    <div class= "highlight-on-hover">‚úì</div>
                    <div class="relative-pos">
                    </div>
                  </td>
                  <td class="passed not-optional highlight-on-hover text-center">
                    <div class= "highlight-on-hover">‚úì</div>
                    <div class="relative-pos">
                    </div>
                  </td>
                  <td class="passed not-optional highlight-on-hover text-center">
                    <div class= "highlight-on-hover">‚úì</div>
                    <div class="relative-pos">
                    </div>
                  </td>
                  <td class="failed not-optional highlight-on-hover text-center">
                    <div class= "highlight-on-hover">‚ùå</div>
                    <div class="relative-pos">
                      <details class="err hide">
                        <summary>Expected verifier to not error.: expected HTTPError: Request failed with status cod‚Ä¶ { ‚Ä¶(6) } to not exist:</summary>
                        <pre>AssertionError: Expected verifier to not error.: expected HTTPError: Request failed with status cod‚Ä¶ { ‚Ä¶(6) } to not exist
                        at should.not.exist (node_modules/chai/lib/chai/interface/should.js:208:38)
                        at Context.&lt;anonymous&gt; (file:///home/runner/work/vc-di-ed25519signature2020-test-suite/vc-di-ed25519signature2020-test-suite/tests/30-interop.js:66:20)
                        at process.processTicksAndRejections (node:internal/process/task_queues:95:5)</pre>
                      </details>
                    </div>
                  </td>
                  <td class="failed not-optional highlight-on-hover text-center">
                    <div class= "highlight-on-hover">‚ùå</div>
                    <div class="relative-pos">
                      <details class="err hide">
                        <summary>Expected verifier to not error.: expected HTTPError: Request failed with status cod‚Ä¶ { ‚Ä¶(6) } to not exist:</summary>
                        <pre>AssertionError: Expected verifier to not error.: expected HTTPError: Request failed with status cod‚Ä¶ { ‚Ä¶(6) } to not exist
                        at should.not.exist (node_modules/chai/lib/chai/interface/should.js:208:38)
                        at Context.&lt;anonymous&gt; (file:///home/runner/work/vc-di-ed25519signature2020-test-suite/vc-di-ed25519signature2020-test-suite/tests/30-interop.js:66:20)
                        at process.processTicksAndRejections (node:internal/process/task_queues:95:5)</pre>
                      </details>
                    </div>
                  </td>
                  <td class="passed not-optional highlight-on-hover text-center">
                    <div class= "highlight-on-hover">‚úì</div>
                    <div class="relative-pos">
                    </div>
                  </td>
                  <td class="failed not-optional highlight-on-hover text-center">
                    <div class= "highlight-on-hover">‚ùå</div>
                    <div class="relative-pos">
                      <details class="err hide">
                        <summary>Expected verifier to not error.: expected HTTPError: Request failed with status cod‚Ä¶ { ‚Ä¶(5) } to not exist:</summary>
                        <pre>AssertionError: Expected verifier to not error.: expected HTTPError: Request failed with status cod‚Ä¶ { ‚Ä¶(5) } to not exist
                        at should.not.exist (node_modules/chai/lib/chai/interface/should.js:208:38)
                        at Context.&lt;anonymous&gt; (file:///home/runner/work/vc-di-ed25519signature2020-test-suite/vc-di-ed25519signature2020-test-suite/tests/30-interop.js:66:20)
                        at process.processTicksAndRejections (node:internal/process/task_queues:95:5)</pre>
                      </details>
                    </div>
                  </td>
                  <td class="passed not-optional highlight-on-hover text-center">
                    <div class= "highlight-on-hover">‚úì</div>
                    <div class="relative-pos">
                    </div>
                  </td>
              </tr>
              <tr>
                <!--This is the name of the test-->
                <td class="subtest">
                    SpruceID
                </td>
                <!--These contain if the test passed, failed, or was skipped-->
                  <td class="failed not-optional highlight-on-hover text-center">
                    <div class= "highlight-on-hover">‚ùå</div>
                    <div class="relative-pos">
                      <details class="err hide">
                        <summary>Expected verifier to not error.: expected HTTPError: Request failed with status cod‚Ä¶ { ‚Ä¶(6) } to not exist:</summary>
                        <pre>AssertionError: Expected verifier to not error.: expected HTTPError: Request failed with status cod‚Ä¶ { ‚Ä¶(6) } to not exist
                        at should.not.exist (node_modules/chai/lib/chai/interface/should.js:208:38)
                        at Context.&lt;anonymous&gt; (file:///home/runner/work/vc-di-ed25519signature2020-test-suite/vc-di-ed25519signature2020-test-suite/tests/30-interop.js:66:20)
                        at process.processTicksAndRejections (node:internal/process/task_queues:95:5)</pre>
                      </details>
                    </div>
                  </td>
                  <td class="passed not-optional highlight-on-hover text-center">
                    <div class= "highlight-on-hover">‚úì</div>
                    <div class="relative-pos">
                    </div>
                  </td>
                  <td class="passed not-optional highlight-on-hover text-center">
                    <div class= "highlight-on-hover">‚úì</div>
                    <div class="relative-pos">
                    </div>
                  </td>
                  <td class="failed not-optional highlight-on-hover text-center">
                    <div class= "highlight-on-hover">‚ùå</div>
                    <div class="relative-pos">
                      <details class="err hide">
                        <summary>Expected verifier to not error.: expected HTTPError: Request failed with status cod‚Ä¶ { ‚Ä¶(6) } to not exist:</summary>
                        <pre>AssertionError: Expected verifier to not error.: expected HTTPError: Request failed with status cod‚Ä¶ { ‚Ä¶(6) } to not exist
                        at should.not.exist (node_modules/chai/lib/chai/interface/should.js:208:38)
                        at Context.&lt;anonymous&gt; (file:///home/runner/work/vc-di-ed25519signature2020-test-suite/vc-di-ed25519signature2020-test-suite/tests/30-interop.js:66:20)
                        at process.processTicksAndRejections (node:internal/process/task_queues:95:5)</pre>
                      </details>
                    </div>
                  </td>
                  <td class="failed not-optional highlight-on-hover text-center">
                    <div class= "highlight-on-hover">‚ùå</div>
                    <div class="relative-pos">
                      <details class="err hide">
                        <summary>Expected verifier to not error.: expected HTTPError: Request failed with status cod‚Ä¶ { ‚Ä¶(6) } to not exist:</summary>
                        <pre>AssertionError: Expected verifier to not error.: expected HTTPError: Request failed with status cod‚Ä¶ { ‚Ä¶(6) } to not exist
                        at should.not.exist (node_modules/chai/lib/chai/interface/should.js:208:38)
                        at Context.&lt;anonymous&gt; (file:///home/runner/work/vc-di-ed25519signature2020-test-suite/vc-di-ed25519signature2020-test-suite/tests/30-interop.js:66:20)
                        at process.processTicksAndRejections (node:internal/process/task_queues:95:5)</pre>
                      </details>
                    </div>
                  </td>
                  <td class="failed not-optional highlight-on-hover text-center">
                    <div class= "highlight-on-hover">‚ùå</div>
                    <div class="relative-pos">
                      <details class="err hide">
                        <summary>Expected verifier to not error.: expected HTTPError: Request failed with status cod‚Ä¶ { ‚Ä¶(6) } to not exist:</summary>
                        <pre>AssertionError: Expected verifier to not error.: expected HTTPError: Request failed with status cod‚Ä¶ { ‚Ä¶(6) } to not exist
                        at should.not.exist (node_modules/chai/lib/chai/interface/should.js:208:38)
                        at Context.&lt;anonymous&gt; (file:///home/runner/work/vc-di-ed25519signature2020-test-suite/vc-di-ed25519signature2020-test-suite/tests/30-interop.js:66:20)
                        at process.processTicksAndRejections (node:internal/process/task_queues:95:5)</pre>
                      </details>
                    </div>
                  </td>
                  <td class="passed not-optional highlight-on-hover text-center">
                    <div class= "highlight-on-hover">‚úì</div>
                    <div class="relative-pos">
                    </div>
                  </td>
                  <td class="failed not-optional highlight-on-hover text-center">
                    <div class= "highlight-on-hover">‚ùå</div>
                    <div class="relative-pos">
                      <details class="err hide">
                        <summary>Expected verifier to not error.: expected HTTPError: Request failed with status cod‚Ä¶ { ‚Ä¶(5) } to not exist:</summary>
                        <pre>AssertionError: Expected verifier to not error.: expected HTTPError: Request failed with status cod‚Ä¶ { ‚Ä¶(5) } to not exist
                        at should.not.exist (node_modules/chai/lib/chai/interface/should.js:208:38)
                        at Context.&lt;anonymous&gt; (file:///home/runner/work/vc-di-ed25519signature2020-test-suite/vc-di-ed25519signature2020-test-suite/tests/30-interop.js:66:20)
                        at process.processTicksAndRejections (node:internal/process/task_queues:95:5)</pre>
                      </details>
                    </div>
                  </td>
              </tr>
              <tr>
                <!--This is the name of the test-->
                <td class="subtest">
                    Trinsic
                </td>
                <!--These contain if the test passed, failed, or was skipped-->
                  <td class="passed not-optional highlight-on-hover text-center">
                    <div class= "highlight-on-hover">‚úì</div>
                    <div class="relative-pos">
                    </div>
                  </td>
                  <td class="passed not-optional highlight-on-hover text-center">
                    <div class= "highlight-on-hover">‚úì</div>
                    <div class="relative-pos">
                    </div>
                  </td>
                  <td class="passed not-optional highlight-on-hover text-center">
                    <div class= "highlight-on-hover">‚úì</div>
                    <div class="relative-pos">
                    </div>
                  </td>
                  <td class="failed not-optional highlight-on-hover text-center">
                    <div class= "highlight-on-hover">‚ùå</div>
                    <div class="relative-pos">
                      <details class="err hide">
                        <summary>Expected verifier to not error.: expected HTTPError: Request failed with status cod‚Ä¶ { ‚Ä¶(6) } to not exist:</summary>
                        <pre>AssertionError: Expected verifier to not error.: expected HTTPError: Request failed with status cod‚Ä¶ { ‚Ä¶(6) } to not exist
                        at should.not.exist (node_modules/chai/lib/chai/interface/should.js:208:38)
                        at Context.&lt;anonymous&gt; (file:///home/runner/work/vc-di-ed25519signature2020-test-suite/vc-di-ed25519signature2020-test-suite/tests/30-interop.js:66:20)
                        at process.processTicksAndRejections (node:internal/process/task_queues:95:5)</pre>
                      </details>
                    </div>
                  </td>
                  <td class="failed not-optional highlight-on-hover text-center">
                    <div class= "highlight-on-hover">‚ùå</div>
                    <div class="relative-pos">
                      <details class="err hide">
                        <summary>Expected verifier to not error.: expected HTTPError: Request failed with status cod‚Ä¶ { ‚Ä¶(6) } to not exist:</summary>
                        <pre>AssertionError: Expected verifier to not error.: expected HTTPError: Request failed with status cod‚Ä¶ { ‚Ä¶(6) } to not exist
                        at should.not.exist (node_modules/chai/lib/chai/interface/should.js:208:38)
                        at Context.&lt;anonymous&gt; (file:///home/runner/work/vc-di-ed25519signature2020-test-suite/vc-di-ed25519signature2020-test-suite/tests/30-interop.js:66:20)
                        at process.processTicksAndRejections (node:internal/process/task_queues:95:5)</pre>
                      </details>
                    </div>
                  </td>
                  <td class="failed not-optional highlight-on-hover text-center">
                    <div class= "highlight-on-hover">‚ùå</div>
                    <div class="relative-pos">
                      <details class="err hide">
                        <summary>Expected verifier to not error.: expected HTTPError: Request failed with status cod‚Ä¶ { ‚Ä¶(6) } to not exist:</summary>
                        <pre>AssertionError: Expected verifier to not error.: expected HTTPError: Request failed with status cod‚Ä¶ { ‚Ä¶(6) } to not exist
                        at should.not.exist (node_modules/chai/lib/chai/interface/should.js:208:38)
                        at Context.&lt;anonymous&gt; (file:///home/runner/work/vc-di-ed25519signature2020-test-suite/vc-di-ed25519signature2020-test-suite/tests/30-interop.js:66:20)
                        at process.processTicksAndRejections (node:internal/process/task_queues:95:5)</pre>
                      </details>
                    </div>
                  </td>
                  <td class="passed not-optional highlight-on-hover text-center">
                    <div class= "highlight-on-hover">‚úì</div>
                    <div class="relative-pos">
                    </div>
                  </td>
                  <td class="passed not-optional highlight-on-hover text-center">
                    <div class= "highlight-on-hover">‚úì</div>
                    <div class="relative-pos">
                    </div>
                  </td>
              </tr>
            </tbody>
            </table>
          </div>
          <div>
            <div class="flex-center">
              <div class="row">
              </div>
              <div class="">
              </div>
            </div>
          </div>
        </section>
    </section>
  </body>
</html>
